============================= test session starts =============================
platform win32 -- Python 3.12.0, pytest-9.1.1, pluggy-1.6.0 -- F:\AI-DevOS3\backend\venv\Scripts\python.exe
cachedir: .pytest_cache
rootdir: F:\AI-DevOS3\backend
configfile: pytest.ini
plugins: anyio-4.14.2, asyncio-1.4.0
asyncio: mode=Mode.STRICT, debug=False, asyncio_default_fixture_loop_scope=None, asyncio_default_test_loop_scope=function
collecting ... collected 820 items

tests/test_artifact_stamping.py::TestStageArtifactModel::test_default_requirement_version_id_is_none PASSED [  0%]
tests/test_artifact_stamping.py::TestStageArtifactModel::test_explicit_requirement_version_id PASSED [  0%]
tests/test_artifact_stamping.py::TestStageArtifactModel::test_other_fields_unaffected PASSED [  0%]
tests/test_artifact_stamping.py::TestSaveArtifactStamping::test_version_id_stamped_in_returned_artifact PASSED [  0%]
tests/test_artifact_stamping.py::TestSaveArtifactStamping::test_version_id_stamped_in_json_file PASSED [  0%]
tests/test_artifact_stamping.py::TestSaveArtifactStamping::test_no_version_in_project_json_gives_none PASSED [  0%]
tests/test_artifact_stamping.py::TestSaveArtifactStamping::test_no_version_json_field_is_null PASSED [  0%]
tests/test_artifact_stamping.py::TestSaveArtifactStamping::test_workspace_failure_is_nonfatal PASSED [  0%]
tests/test_artifact_stamping.py::TestSaveArtifactStamping::test_existing_fields_still_present PASSED [  1%]
tests/test_artifact_stamping.py::TestGetArtifactRoundTrip::test_get_artifact_returns_version_id PASSED [  1%]
tests/test_artifact_stamping.py::TestGetArtifactRoundTrip::test_get_artifact_missing_field_returns_none PASSED [  1%]
tests/test_artifact_stamping.py::TestRowToArtifactStamping::test_row_to_artifact_reads_version_id PASSED [  1%]
tests/test_artifact_stamping.py::TestRowToArtifactStamping::test_row_to_artifact_missing_field_returns_none PASSED [  1%]
tests/test_change_manager_req_version.py::TestFirstRequirementChange::test_apply_returns_applied_status PASSED [  1%]
tests/test_change_manager_req_version.py::TestFirstRequirementChange::test_first_change_creates_requirement_version PASSED [  1%]
tests/test_change_manager_req_version.py::TestFirstRequirementChange::test_first_version_is_current PASSED [  1%]
tests/test_change_manager_req_version.py::TestFirstRequirementChange::test_current_version_id_is_set PASSED [  2%]
tests/test_change_manager_req_version.py::TestFirstRequirementChange::test_first_version_has_no_supersedes PASSED [  2%]
tests/test_change_manager_req_version.py::TestFirstRequirementChange::test_first_version_content_uses_original_request PASSED [  2%]
tests/test_change_manager_req_version.py::TestFirstRequirementChange::test_first_version_stores_change_description PASSED [  2%]
tests/test_change_manager_req_version.py::TestFirstRequirementChange::test_first_version_created_by_user PASSED [  2%]
tests/test_change_manager_req_version.py::TestFirstRequirementChange::test_first_version_project_id_correct PASSED [  2%]
tests/test_change_manager_req_version.py::TestFirstRequirementChange::test_first_version_has_valid_version_id PASSED [  2%]
tests/test_change_manager_req_version.py::TestFirstRequirementChange::test_first_version_has_utc_created_at PASSED [  2%]
tests/test_change_manager_req_version.py::TestSecondRequirementChange::test_exactly_two_versions_after_two_changes PASSED [  3%]
tests/test_change_manager_req_version.py::TestSecondRequirementChange::test_second_version_is_current PASSED [  3%]
tests/test_change_manager_req_version.py::TestSecondRequirementChange::test_first_version_becomes_superseded PASSED [  3%]
tests/test_change_manager_req_version.py::TestSecondRequirementChange::test_only_one_current_version PASSED [  3%]
tests/test_change_manager_req_version.py::TestSecondRequirementChange::test_second_version_supersedes_first PASSED [  3%]
tests/test_change_manager_req_version.py::TestSecondRequirementChange::test_second_version_change_description_correct PASSED [  3%]
tests/test_change_manager_req_version.py::TestSecondRequirementChange::test_second_version_content_includes_previous PASSED [  3%]
tests/test_change_manager_req_version.py::TestSecondRequirementChange::test_current_version_id_points_to_second PASSED [  3%]
tests/test_change_manager_req_version.py::TestPersistence::test_versions_survive_reload_via_from_dict PASSED [  4%]
tests/test_change_manager_req_version.py::TestExistingBehaviorPreserved::test_cancelled_change_returns_cancelled PASSED [  4%]
tests/test_change_manager_req_version.py::TestExistingBehaviorPreserved::test_cancelled_change_creates_no_version PASSED [  4%]
tests/test_change_manager_req_version.py::TestExistingBehaviorPreserved::test_confirmed_change_still_updates_stages_completed PASSED [  4%]
tests/test_change_manager_req_version.py::TestExistingBehaviorPreserved::test_confirmed_change_appends_to_requirement_changes PASSED [  4%]
tests/test_change_manager_req_version.py::TestExistingBehaviorPreserved::test_wrong_change_id_raises PASSED [  4%]
tests/test_change_manager_sprint_stale.py::TestSprintPlanStaleness::test_affected_code_stage_marks_plan_stale PASSED [  4%]
tests/test_change_manager_sprint_stale.py::TestSprintPlanStaleness::test_unaffected_non_code_stage_leaves_plan_fresh PASSED [  4%]
tests/test_change_manager_sprint_stale.py::TestSprintPlanStaleness::test_requirement_version_id_set_on_stale_plan PASSED [  5%]
tests/test_change_manager_sprint_stale.py::TestSprintPlanStaleness::test_no_sprint_plan_does_not_raise PASSED [  5%]
tests/test_change_manager_sprint_stale.py::TestSprintPlanStaleness::test_camelcase_backend_stage_also_marks_stale PASSED [  5%]
tests/test_change_manager_sprint_stale.py::TestSprintPlanStaleness::test_camelcase_frontend_stage_also_marks_stale PASSED [  5%]
tests/test_change_manager_sprint_stale.py::TestSprintPlanStaleness::test_requirement_version_id_unchanged_for_non_code_change PASSED [  5%]
tests/test_change_manager_sprint_stale.py::TestExistingBehaviorPreserved::test_stages_completed_still_trimmed PASSED [  5%]
tests/test_change_manager_sprint_stale.py::TestExistingBehaviorPreserved::test_pending_change_cleared PASSED [  5%]
tests/test_change_manager_sprint_stale.py::TestExistingBehaviorPreserved::test_cancelled_change_does_not_touch_sprint_plan PASSED [  5%]
tests/test_change_manager_sprint_stale.py::TestExistingBehaviorPreserved::test_requirement_version_still_created PASSED [  5%]
tests/test_container_intelligence_wiring.py::TestIntelligenceComponentsNonNone::test_file_indexer_is_not_none PASSED [  6%]
tests/test_container_intelligence_wiring.py::TestIntelligenceComponentsNonNone::test_dependency_graph_is_not_none PASSED [  6%]
tests/test_container_intelligence_wiring.py::TestIntelligenceComponentsNonNone::test_code_summarizer_is_not_none PASSED [  6%]
tests/test_container_intelligence_wiring.py::TestIntelligenceComponentsNonNone::test_context_orchestrator_is_not_none PASSED [  6%]
tests/test_container_intelligence_wiring.py::TestContextOrchestratorWiring::test_context_orchestrator_has_indexer PASSED [  6%]
tests/test_container_intelligence_wiring.py::TestContextOrchestratorWiring::test_context_orchestrator_has_dep_graph PASSED [  6%]
tests/test_container_intelligence_wiring.py::TestContextOrchestratorWiring::test_context_orchestrator_has_summarizer PASSED [  6%]
tests/test_container_intelligence_wiring.py::TestMemoryOrchestratorContextOrchestrator::test_memory_orchestrator_stores_context_orchestrator PASSED [  6%]
tests/test_container_intelligence_wiring.py::TestMemoryOrchestratorContextOrchestrator::test_memory_orchestrator_load_intelligence_uses_context_orchestrator PASSED [  7%]
tests/test_container_intelligence_wiring.py::TestConstructionErrorsPropagateContainer::test_file_indexer_bad_path_raises PASSED [  7%]
tests/test_container_intelligence_wiring.py::TestConstructionErrorsPropagateContainer::test_context_orchestrator_missing_dep_raises PASSED [  7%]
tests/test_context_budget.py::TestContextBudget::test_clarification_stage_no_enrichments PASSED [  7%]
tests/test_context_budget.py::TestContextBudget::test_backend_stage_gets_design_context PASSED [  7%]
tests/test_context_budget.py::TestContextBudget::test_architect_no_intelligence PASSED [  7%]
tests/test_context_budget.py::TestContextBudget::test_predecessor_truncated PASSED [  7%]
tests/test_context_budget.py::TestContextBudgetRegistry::test_clarification_budget_all_false PASSED [  7%]
tests/test_context_budget.py::TestContextBudgetRegistry::test_backend_budget_design_and_intelligence_true PASSED [  8%]
tests/test_context_budget.py::TestContextBudgetRegistry::test_backend_developer_alias PASSED [  8%]
tests/test_context_budget.py::TestContextBudgetRegistry::test_architect_no_design_no_intelligence PASSED [  8%]
tests/test_context_budget.py::TestContextBudgetRegistry::test_product_owner_clarification_true PASSED [  8%]
tests/test_context_budget.py::TestContextBudgetRegistry::test_unknown_stage_returns_default PASSED [  8%]
tests/test_context_budget.py::TestContextBudgetRegistry::test_default_budget_all_include_true PASSED [  8%]
tests/test_context_budget.py::TestContextBudgetRegistry::test_budget_is_frozen PASSED [  8%]
tests/test_context_budget.py::TestContextBudgetRegistry::test_lessons_limit_respected_by_stage PASSED [  8%]
tests/test_context_orchestrator_get_project_state.py::TestGetProjectStateEmpty::test_all_required_keys_present_when_empty PASSED [  9%]
tests/test_context_orchestrator_get_project_state.py::TestGetProjectStateEmpty::test_is_populated_false_when_empty PASSED [  9%]
tests/test_context_orchestrator_get_project_state.py::TestGetProjectStateEmpty::test_files_empty_list_when_not_indexed PASSED [  9%]
tests/test_context_orchestrator_get_project_state.py::TestGetProjectStateEmpty::test_symbols_empty_list_when_not_indexed PASSED [  9%]
tests/test_context_orchestrator_get_project_state.py::TestGetProjectStateEmpty::test_never_returns_none PASSED [  9%]
tests/test_context_orchestrator_get_project_state.py::TestGetProjectStatePopulated::test_is_populated_true PASSED [  9%]
tests/test_context_orchestrator_get_project_state.py::TestGetProjectStatePopulated::test_files_contains_paths PASSED [  9%]
tests/test_context_orchestrator_get_project_state.py::TestGetProjectStatePopulated::test_symbols_contains_classes_and_functions PASSED [  9%]
tests/test_context_orchestrator_get_project_state.py::TestGetProjectStatePopulated::test_dependencies_uses_dep_graph_output PASSED [ 10%]
tests/test_context_orchestrator_get_project_state.py::TestGetProjectStatePopulated::test_summaries_keys_are_file_paths PASSED [ 10%]
tests/test_context_orchestrator_get_project_state.py::TestGetProjectStatePopulated::test_summaries_values_are_strings PASSED [ 10%]
tests/test_context_orchestrator_get_project_state.py::TestGetProjectStatePopulated::test_indexed_at_is_max_last_updated PASSED [ 10%]
tests/test_context_orchestrator_get_project_state.py::TestGetProjectStatePopulated::test_all_required_keys_present PASSED [ 10%]
tests/test_context_orchestrator_get_project_state.py::TestGetProjectStateDepGraphFailure::test_dep_graph_failure_returns_empty_dependencies PASSED [ 10%]
tests/test_context_orchestrator_get_project_state.py::TestGetProjectStateDepGraphFailure::test_indexer_failure_returns_empty_state PASSED [ 10%]
tests/test_context_orchestrator_get_project_state.py::TestMemoryOrchestratorIntegration::test_load_intelligence_receives_is_populated_true PASSED [ 10%]
tests/test_context_orchestrator_get_project_state.py::TestMemoryOrchestratorIntegration::test_load_intelligence_returns_empty_when_no_files PASSED [ 10%]
tests/test_dynamic_prompts.py::TestBackendAgentSystemPrompt::test_backend_agent_uses_go_profile PASSED [ 11%]
tests/test_dynamic_prompts.py::TestBackendAgentSystemPrompt::test_backend_agent_uses_rust_profile PASSED [ 11%]
tests/test_dynamic_prompts.py::TestBackendAgentSystemPrompt::test_backend_agent_uses_java_profile PASSED [ 11%]
tests/test_dynamic_prompts.py::TestBackendAgentSystemPrompt::test_backend_agent_python_profile_mentions_python PASSED [ 11%]
tests/test_dynamic_prompts.py::TestBackendAgentProfileDetection::test_backend_agent_detects_from_context PASSED [ 11%]
tests/test_dynamic_prompts.py::TestBackendAgentProfileDetection::test_backend_agent_detects_python_from_context PASSED [ 11%]
tests/test_dynamic_prompts.py::TestBackendAgentProfileDetection::test_backend_agent_detects_rust_from_context PASSED [ 11%]
tests/test_dynamic_prompts.py::TestBackendAgentProfileDetection::test_backend_agent_explicit_profile_wins_over_context PASSED [ 11%]
tests/test_dynamic_prompts.py::TestBackendAgentProfileDetection::test_backend_agent_fallback_on_unknown_context PASSED [ 12%]
tests/test_dynamic_prompts.py::TestBackendAgentProfileDetection::test_backend_agent_fallback_on_empty_context PASSED [ 12%]
tests/test_dynamic_prompts.py::TestBackendAgentProfileDetection::test_backend_agent_fallback_on_none_context PASSED [ 12%]
tests/test_dynamic_prompts.py::TestBackendAgentProfileDetection::test_backend_agent_caches_resolved_profile PASSED [ 12%]
tests/test_dynamic_prompts.py::TestBackendAgentProfileDetection::test_backend_agent_detects_from_json_string_context PASSED [ 12%]
tests/test_dynamic_prompts.py::TestBackendAgentProfileDetection::test_backend_agent_detects_from_nested_architect_key PASSED [ 12%]
tests/test_dynamic_prompts.py::TestBackendAgentProfileDetection::test_backend_agent_detects_from_stage_artifact PASSED [ 12%]
tests/test_dynamic_prompts.py::TestFrontendAgentProfileDetection::test_frontend_agent_detects_vue PASSED [ 12%]
tests/test_dynamic_prompts.py::TestFrontendAgentProfileDetection::test_frontend_agent_detects_react PASSED [ 13%]
tests/test_dynamic_prompts.py::TestFrontendAgentProfileDetection::test_frontend_agent_ignores_backend_key PASSED [ 13%]
tests/test_dynamic_prompts.py::TestFrontendAgentProfileDetection::test_frontend_agent_default_fallback_is_react_vite PASSED [ 13%]
tests/test_dynamic_prompts.py::TestFrontendAgentProfileDetection::test_frontend_agent_fallback_on_empty_context PASSED [ 13%]
tests/test_dynamic_prompts.py::TestFrontendAgentProfileDetection::test_frontend_agent_explicit_profile_wins PASSED [ 13%]
tests/test_dynamic_prompts.py::TestFrontendAgentProfileDetection::test_frontend_agent_system_prompt_uses_profile PASSED [ 13%]
tests/test_dynamic_prompts.py::TestFrontendAgentProfileDetection::test_frontend_agent_caches_resolved_profile PASSED [ 13%]
tests/test_dynamic_prompts.py::TestBackendPromptBuilderProfile::test_builder_build_without_profile_is_unchanged PASSED [ 13%]
tests/test_dynamic_prompts.py::TestBackendPromptBuilderProfile::test_builder_build_with_profile_injects_hint PASSED [ 14%]
tests/test_dynamic_prompts.py::TestBackendPromptBuilderProfile::test_builder_build_profile_hint_includes_all_fields PASSED [ 14%]
tests/test_dynamic_prompts.py::TestBackendPromptBuilderProfile::test_builder_backward_compat_positional_context PASSED [ 14%]
tests/test_file_registry_version.py::TestRecordNewFile::test_new_file_gets_version_id PASSED [ 14%]
tests/test_file_registry_version.py::TestRecordNewFile::test_new_file_no_version_gets_none PASSED [ 14%]
tests/test_file_registry_version.py::TestRecordNewFile::test_new_file_preserves_sprint_fields PASSED [ 14%]
tests/test_file_registry_version.py::TestRecordNewFile::test_workspace_failure_is_nonfatal PASSED [ 14%]
tests/test_file_registry_version.py::TestRecordUpdate::test_update_refreshes_version_id PASSED [ 14%]
tests/test_file_registry_version.py::TestRecordUpdate::test_update_preserves_created_sprint PASSED [ 15%]
tests/test_file_registry_version.py::TestRecordUpdate::test_update_does_not_corrupt_other_files PASSED [ 15%]
tests/test_file_registry_version.py::TestRecordMany::test_record_many_stamps_all_entries PASSED [ 15%]
tests/test_file_registry_version.py::TestRecordMany::test_record_many_uses_single_version_read PASSED [ 15%]
tests/test_file_registry_version.py::TestBackwardCompatibility::test_legacy_entry_loads_without_error PASSED [ 15%]
tests/test_file_registry_version.py::TestBackwardCompatibility::test_legacy_entry_updated_gets_version_id PASSED [ 15%]
tests/test_file_registry_version.py::TestSerialization::test_version_id_survives_json_roundtrip PASSED [ 15%]
tests/test_file_registry_version.py::TestSerialization::test_none_version_id_serialized_as_null PASSED [ 15%]
tests/test_file_registry_version.py::TestSerialization::test_list_all_returns_version_id PASSED [ 15%]
tests/test_impact_analyzer_sprints.py::TestSprintsToReplan::test_unfinished_current_sprint_is_included PASSED [ 16%]
tests/test_impact_analyzer_sprints.py::TestSprintsToReplan::test_completed_sprints_excluded PASSED [ 16%]
tests/test_impact_analyzer_sprints.py::TestSprintsToReplan::test_multiple_affected_sprints_returned_sorted PASSED [ 16%]
tests/test_impact_analyzer_sprints.py::TestSprintsToReplan::test_hardcoded_one_behavior_gone PASSED [ 16%]
tests/test_impact_analyzer_sprints.py::TestSprintsToReplan::test_no_sprint_plan_returns_empty_list PASSED [ 16%]
tests/test_impact_analyzer_sprints.py::TestSprintsToReplan::test_no_workspace_manager_returns_empty_list PASSED [ 16%]
tests/test_impact_analyzer_sprints.py::TestSprintsToReplan::test_determinism_same_state_same_result PASSED [ 16%]
tests/test_impact_analyzer_sprints.py::TestSprintsToReplan::test_no_code_stages_affected_returns_empty PASSED [ 16%]
tests/test_impact_analyzer_sprints.py::TestExistingBehaviorPreserved::test_affected_stages_still_computed PASSED [ 17%]
tests/test_impact_analyzer_sprints.py::TestExistingBehaviorPreserved::test_safe_stages_still_computed PASSED [ 17%]
tests/test_impact_analyzer_sprints.py::TestExistingBehaviorPreserved::test_change_id_is_uuid PASSED [ 17%]
tests/test_impact_analyzer_sprints.py::TestExistingBehaviorPreserved::test_analyzed_at_is_utc PASSED [ 17%]
tests/test_impact_analyzer_sprints.py::TestExistingBehaviorPreserved::test_analyze_file_impact_unaffected PASSED [ 17%]
tests/test_intelligence_layer_wiring.py::TestFileIndexerIndexProject::test_indexes_py_and_ts_files PASSED [ 17%]
tests/test_intelligence_layer_wiring.py::TestFileIndexerIndexProject::test_skips_node_modules PASSED [ 17%]
tests/test_intelligence_layer_wiring.py::TestFileIndexerIndexProject::test_skips_pycache PASSED [ 17%]
tests/test_intelligence_layer_wiring.py::TestFileIndexerIndexProject::test_returns_zero_for_missing_workspace PASSED [ 18%]
tests/test_intelligence_layer_wiring.py::TestFileIndexerIndexProject::test_skips_non_source_extensions PASSED [ 18%]
tests/test_intelligence_layer_wiring.py::TestFileIndexerIndexProject::test_sprint_number_stored PASSED [ 18%]
tests/test_intelligence_layer_wiring.py::TestTriggerIntelligenceIndex::test_calls_all_three_components PASSED [ 18%]
tests/test_intelligence_layer_wiring.py::TestTriggerIntelligenceIndex::test_non_blocking_on_file_indexer_error PASSED [ 18%]
tests/test_intelligence_layer_wiring.py::TestTriggerIntelligenceIndex::test_non_blocking_on_dep_graph_error PASSED [ 18%]
tests/test_intelligence_layer_wiring.py::TestTriggerIntelligenceIndex::test_skips_dep_graph_when_none PASSED [ 18%]
tests/test_intelligence_layer_wiring.py::TestTriggerIntelligenceIndex::test_skips_summarizer_when_none PASSED [ 18%]
tests/test_intelligence_layer_wiring.py::TestTriggerIntelligenceIndex::test_no_call_when_file_indexer_none PASSED [ 19%]
tests/test_intelligence_layer_wiring.py::TestRunSprintsCallsIntelligenceTrigger::test_trigger_called_after_successful_sprint PASSED [ 19%]
tests/test_intelligence_layer_wiring.py::TestWorkflowManagerPassesDeps::test_dependency_graph_forwarded_to_pipeline_supervisor PASSED [ 19%]
tests/test_intelligent_retry_engine.py::TestModifiedConfig::test_auto_fix_gets_low_temperature PASSED [ 19%]
tests/test_intelligent_retry_engine.py::TestModifiedConfig::test_ask_human_gets_max_tokens PASSED [ 19%]
tests/test_intelligent_retry_engine.py::TestModifiedConfig::test_late_retry_gets_max_tokens PASSED [ 19%]
tests/test_intelligent_retry_engine.py::TestModifiedConfig::test_flag_stop_has_no_modified_config PASSED [ 19%]
tests/test_intelligent_retry_engine.py::TestEngineDecisions::test_flag_stops_immediately PASSED [ 19%]
tests/test_intelligent_retry_engine.py::TestEngineDecisions::test_budget_exhausted_stops PASSED [ 20%]
tests/test_intelligent_retry_engine.py::TestEngineDecisions::test_ask_human_on_later_attempt_escalates PASSED [ 20%]
tests/test_intelligent_retry_engine.py::TestEngineDecisions::test_auto_fix_retries PASSED [ 20%]
tests/test_intelligent_retry_engine.py::TestEngineDecisions::test_unknown_rejection_retries_within_budget PASSED [ 20%]
tests/test_intelligent_retry_engine.py::TestEngineDecisions::test_none_review_result_retries_within_budget PASSED [ 20%]
tests/test_intelligent_retry_engine.py::TestStageRunnerWithEngine::test_engine_drives_loop_policy_not_consulted PASSED [ 20%]
tests/test_intelligent_retry_engine.py::TestStageRunnerWithEngine::test_flag_tier_stops_after_first_rejection PASSED [ 20%]
tests/test_intelligent_retry_engine.py::TestStageRunnerWithEngine::test_engine_budget_exhausted_stops PASSED [ 20%]
tests/test_intelligent_retry_engine.py::TestStageRunnerWithoutEngine::test_policy_controls_loop_without_engine PASSED [ 20%]
tests/test_intelligent_retry_engine.py::TestStageRunnerWithoutEngine::test_policy_exhaust_stops_loop PASSED [ 21%]
tests/test_intelligent_retry_engine.py::TestStageRunnerFirstAttemptApproval::test_approved_first_attempt_no_retry PASSED [ 21%]
tests/test_intelligent_retry_engine.py::TestStageRunnerDeterministicErrors::test_deterministic_dependency_exception_fails_immediately PASSED [ 21%]
tests/test_language_registry.py::TestDetectFromTechStack::test_detect_python_fastapi PASSED [ 21%]
tests/test_language_registry.py::TestDetectFromTechStack::test_detect_go_gin PASSED [ 21%]
tests/test_language_registry.py::TestDetectFromTechStack::test_detect_rust PASSED [ 21%]
tests/test_language_registry.py::TestDetectFromTechStack::test_detect_node PASSED [ 21%]
tests/test_language_registry.py::TestDetectFromTechStack::test_fallback_to_python PASSED [ 21%]
tests/test_language_registry.py::TestDetectAdditionalProfiles::test_detect_nestjs PASSED [ 22%]
tests/test_language_registry.py::TestDetectAdditionalProfiles::test_detect_java_spring PASSED [ 22%]
tests/test_language_registry.py::TestDetectAdditionalProfiles::test_detect_dotnet_aspnet PASSED [ 22%]
tests/test_language_registry.py::TestDetectAdditionalProfiles::test_detect_react_frontend_only PASSED [ 22%]
tests/test_language_registry.py::TestDetectAdditionalProfiles::test_detect_vue_frontend_only PASSED [ 22%]
tests/test_language_registry.py::TestDetectAdditionalProfiles::test_nestjs_wins_over_express PASSED [ 22%]
tests/test_language_registry.py::TestDetectAdditionalProfiles::test_actix_wins_over_generic_rust PASSED [ 22%]
tests/test_language_registry.py::TestDetectAdditionalProfiles::test_full_stack_backend_detection PASSED [ 22%]
tests/test_language_registry.py::TestDetectAdditionalProfiles::test_empty_dict_falls_back_to_python PASSED [ 23%]
tests/test_language_registry.py::TestDetectAdditionalProfiles::test_none_values_do_not_raise PASSED [ 23%]
tests/test_language_registry.py::TestDetectAdditionalProfiles::test_non_string_values_do_not_raise PASSED [ 23%]
tests/test_language_registry.py::TestDetectAdditionalProfiles::test_database_mongo_does_not_match_go PASSED [ 23%]
tests/test_language_registry.py::TestRegistryGet::test_get_known_profile PASSED [ 23%]
tests/test_language_registry.py::TestRegistryGet::test_get_all_registered_profiles PASSED [ 23%]
tests/test_language_registry.py::TestRegistryGet::test_get_unknown_profile_raises_key_error PASSED [ 23%]
tests/test_language_registry.py::TestRegistryListProfiles::test_list_profiles_returns_list PASSED [ 23%]
tests/test_language_registry.py::TestRegistryListProfiles::test_list_profiles_contains_all_required PASSED [ 24%]
tests/test_language_registry.py::TestRegistryListProfiles::test_list_profiles_is_sorted PASSED [ 24%]
tests/test_language_registry.py::TestLanguageProfileImmutability::test_profile_is_frozen PASSED [ 24%]
tests/test_language_registry.py::TestLanguageProfileImmutability::test_profile_is_not_hashable_due_to_list_field PASSED [ 24%]
tests/test_language_registry.py::TestLanguageProfileImmutability::test_profile_equality PASSED [ 24%]
tests/test_language_registry.py::TestLanguageProfileFields::test_all_profiles_have_required_fields PASSED [ 24%]
tests/test_language_registry.py::TestLanguageProfileFields::test_file_extensions_are_lists PASSED [ 24%]
tests/test_language_registry.py::TestLanguageProfileFields::test_system_prompts_are_non_trivial PASSED [ 24%]
tests/test_memory_isolation.py::test_separate_projects_isolated PASSED   [ 25%]
tests/test_memory_isolation.py::test_factory_returns_same_instance PASSED [ 25%]
tests/test_memory_isolation.py::test_factory_returns_same_instance_concurrent PASSED [ 25%]
tests/test_memory_isolation.py::test_cleanup_removes_instance PASSED     [ 25%]
tests/test_memory_isolation.py::test_cleanup_removes_empty_project_directory PASSED [ 25%]
tests/test_memory_isolation.py::test_cleanup_preserves_non_empty_project_directory PASSED [ 25%]
tests/test_memory_isolation.py::test_archive_inactive_moves_old_projects PASSED [ 25%]
tests/test_parallel_sprint.py::TestParallelFileSprint::test_independent_files_run_in_parallel PASSED [ 25%]
tests/test_parallel_sprint.py::TestParallelFileSprint::test_dependent_file_waits PASSED [ 25%]
tests/test_parallel_sprint.py::TestParallelFileSprint::test_failed_file_doesnt_block_others PASSED [ 26%]
tests/test_performance_escalation_flag.py::TestNeedsModelEscalationField::test_flag_true_when_needs_improvement_and_high_retries PASSED [ 26%]
tests/test_performance_escalation_flag.py::TestNeedsModelEscalationField::test_flag_false_when_needs_improvement_but_low_retries PASSED [ 26%]
tests/test_performance_escalation_flag.py::TestNeedsModelEscalationField::test_flag_false_when_high_retries_but_quality_above_needs_improvement PASSED [ 26%]
tests/test_performance_escalation_flag.py::TestNeedsModelEscalationField::test_flag_false_no_data PASSED [ 26%]
tests/test_performance_escalation_flag.py::TestEscalationFlagInMemory::test_flag_written_to_memory_when_true PASSED [ 26%]
tests/test_performance_escalation_flag.py::TestRetryEngineReadsEscalationFlag::test_warning_logged_when_escalation_flagged PASSED [ 26%]
tests/test_performance_escalation_flag.py::TestRetryEngineReadsEscalationFlag::test_no_warning_when_flag_false PASSED [ 26%]
tests/test_phase1_sandbox.py::TestInstallMethodExists::test_codesandbox_has_install_method PASSED [ 27%]
tests/test_phase1_sandbox.py::TestInstallMethodExists::test_install_returns_build_result PASSED [ 27%]
tests/test_phase1_sandbox.py::TestInstallMethodExists::test_install_unknown_stack_returns_success PASSED [ 27%]
tests/test_phase1_sandbox.py::TestPythonInstall::test_install_python_calls_pip PASSED [ 27%]
tests/test_phase1_sandbox.py::TestPythonInstall::test_install_python_failure_returns_failed_build_result PASSED [ 27%]
tests/test_phase1_sandbox.py::TestPythonInstall::test_install_python_no_requirements_skips_pip PASSED [ 27%]
tests/test_phase1_sandbox.py::TestNodeInstall::test_install_node_calls_npm PASSED [ 27%]
tests/test_phase1_sandbox.py::TestNodeInstall::test_install_node_failure_returns_failed_build_result PASSED [ 27%]
tests/test_phase1_sandbox.py::TestRunCallOrder::test_run_calls_install_before_lint_and_build PASSED [ 28%]
tests/test_phase1_sandbox.py::TestRunCallOrder::test_run_stops_after_install_failure PASSED [ 28%]
tests/test_phase1_sandbox.py::TestRequireExecution::test_disabled_sandbox_without_require_execution_returns_disabled PASSED [ 28%]
tests/test_phase1_sandbox.py::TestRequireExecution::test_disabled_sandbox_with_require_execution_runs PASSED [ 28%]
tests/test_phase1_sandbox.py::TestSandboxResultPersistence::test_sandbox_result_round_trips_via_dict PASSED [ 28%]
tests/test_phase1_sandbox.py::TestSandboxResultPersistence::test_sandbox_result_from_dict_tolerates_missing_install_field PASSED [ 28%]
tests/test_phase1_sandbox.py::TestSprintExecutorSandboxGate::test_build_failure_causes_sprint_failure PASSED [ 28%]
tests/test_phase1_sandbox.py::TestSprintExecutorSandboxGate::test_build_success_marks_sprint_complete PASSED [ 28%]
tests/test_phase1_sandbox.py::TestSprintExecutorSandboxGate::test_test_failure_causes_sprint_failure PASSED [ 29%]
tests/test_phase1_sandbox.py::TestSprintExecutorSandboxGate::test_no_tests_does_not_fail_sprint PASSED [ 29%]
tests/test_phase1_sandbox.py::TestSprintExecutorSandboxGate::test_no_sandbox_wired_sprint_still_completes PASSED [ 29%]
tests/test_phase2_deployable_bug.py::TestBugFixLimitWithBrokenBuild::test_build_failing_at_limit_returns_sprint_blocked PASSED [ 29%]
tests/test_phase2_deployable_bug.py::TestBugFixLimitWithBrokenBuild::test_message_mentions_build_failure PASSED [ 29%]
tests/test_phase2_deployable_bug.py::TestBugFixLimitWithBrokenBuild::test_tests_failing_at_limit_returns_sprint_blocked PASSED [ 29%]
tests/test_phase2_deployable_bug.py::TestBugFixLimitWithPassingBuild::test_build_passing_at_limit_advances_to_deployable PASSED [ 29%]
tests/test_phase2_deployable_bug.py::TestBugFixLimitWithPassingBuild::test_no_sandbox_wired_advances_to_deployable_backward_compat PASSED [ 29%]
tests/test_phase2_deployable_bug.py::TestCheckBuildStateFromMemory::test_no_memory_manager_returns_empty PASSED [ 30%]
tests/test_phase2_deployable_bug.py::TestCheckBuildStateFromMemory::test_no_code_sandbox_returns_empty PASSED [ 30%]
tests/test_phase2_deployable_bug.py::TestCheckBuildStateFromMemory::test_no_stored_result_returns_empty PASSED [ 30%]
tests/test_phase2_deployable_bug.py::TestCheckBuildStateFromMemory::test_build_failing_returns_reason_string PASSED [ 30%]
tests/test_phase2_deployable_bug.py::TestCheckBuildStateFromMemory::test_build_passing_all_tests_pass_returns_empty PASSED [ 30%]
tests/test_phase2_deployable_bug.py::TestCheckBuildStateFromMemory::test_tests_failing_returns_reason_string PASSED [ 30%]
tests/test_phase2_deployable_bug.py::TestCheckBuildStateFromMemory::test_no_tests_at_all_returns_empty PASSED [ 30%]
tests/test_phase2_deployable_bug.py::TestCheckBuildStateFromMemory::test_corrupt_json_returns_empty PASSED [ 30%]
tests/test_phase2_sprint_blocked.py::TestSprintFailureTransitionsSprINTBlocked::test_sprint_failure_sets_sprint_blocked_state PASSED [ 30%]
tests/test_phase2_sprint_blocked.py::TestSprintFailureTransitionsSprINTBlocked::test_sprint_failure_result_state_is_sprint_blocked_not_in_progress PASSED [ 31%]
tests/test_phase2_sprint_blocked.py::TestSprintFailureTransitionsSprINTBlocked::test_sprint_failure_persists_failure_reason PASSED [ 31%]
tests/test_phase2_sprint_blocked.py::TestSprintFailureTransitionsSprINTBlocked::test_sprint_failure_message_propagates_to_pipeline_result PASSED [ 31%]
tests/test_phase2_sprint_blocked.py::TestSprintFailureTransitionsSprINTBlocked::test_mark_sprint_complete_not_called_on_failure PASSED [ 31%]
tests/test_phase2_sprint_blocked.py::TestSuccessfulSprintPreservesState::test_all_sprints_complete_on_success PASSED [ 31%]
tests/test_phase2_sprint_blocked.py::TestSuccessfulSprintPreservesState::test_multi_sprint_all_pass_reaches_all_sprints_complete PASSED [ 31%]
tests/test_phase2_sprint_blocked.py::TestSuccessfulSprintPreservesState::test_second_sprint_fails_sets_sprint_blocked PASSED [ 31%]
tests/test_phase4_sprint_plan_gate.py::TestSprintPlanGateNonQuick::test_returns_requires_user_action PASSED [ 31%]
tests/test_phase4_sprint_plan_gate.py::TestSprintPlanGateNonQuick::test_returns_correct_action_needed PASSED [ 32%]
tests/test_phase4_sprint_plan_gate.py::TestSprintPlanGateNonQuick::test_returns_sprint_plan_review_pending_state PASSED [ 32%]
tests/test_phase4_sprint_plan_gate.py::TestSprintPlanGateNonQuick::test_returns_success_true PASSED [ 32%]
tests/test_phase4_sprint_plan_gate.py::TestSprintPlanGateNonQuick::test_workspace_state_updated PASSED [ 32%]
tests/test_phase4_sprint_plan_gate.py::TestSprintPlanGateQuickMode::test_quick_mode_does_not_pause PASSED [ 32%]
tests/test_phase4_sprint_plan_gate.py::TestExistingGatesNonRegression::test_architect_gate_still_sets_review_pending PASSED [ 32%]
tests/test_phase4_sprint_plan_gate.py::TestExistingGatesNonRegression::test_designer_gate_still_sets_review_pending PASSED [ 32%]
tests/test_phase4_sprint_plan_gate.py::TestWorkflowManagerGate::test_await_gate_sprint_plan_returns_requires_user_action PASSED [ 32%]
tests/test_phase4_sprint_plan_gate.py::TestWorkflowManagerGate::test_run_delegates_to_await_gate_when_sprint_plan_pending PASSED [ 33%]
tests/test_phase4_sprint_plan_gate.py::TestRunSprintsDefence::test_run_sprints_returns_gate_when_pending PASSED [ 33%]
tests/test_phase4_sprint_plan_gate.py::TestAssertGateState::test_raises_409_for_wrong_state PASSED [ 33%]
tests/test_phase4_sprint_plan_gate.py::TestAssertGateState::test_passes_for_correct_state PASSED [ 33%]
tests/test_phase4_sprint_plan_gate.py::TestGateResult::test_to_dict_includes_all_required_keys PASSED [ 33%]
tests/test_phase5_env_config.py::TestModuleLevelConstants::test_sandbox_enabled_constant_exists PASSED [ 33%]
tests/test_phase5_env_config.py::TestModuleLevelConstants::test_sandbox_timeout_constant_exists PASSED [ 33%]
tests/test_phase5_env_config.py::TestModuleLevelConstants::test_docker_python_constant_exists PASSED [ 33%]
tests/test_phase5_env_config.py::TestModuleLevelConstants::test_docker_node_constant_exists PASSED [ 34%]
tests/test_phase5_env_config.py::TestModuleLevelConstants::test_sandbox_enabled_default_is_false PASSED [ 34%]
tests/test_phase5_env_config.py::TestModuleLevelConstants::test_sandbox_timeout_default_is_sixty PASSED [ 34%]
tests/test_phase5_env_config.py::TestModuleLevelConstants::test_docker_python_default_matches_spec PASSED [ 34%]
tests/test_phase5_env_config.py::TestModuleLevelConstants::test_docker_node_default_matches_spec PASSED [ 34%]
tests/test_phase5_env_config.py::TestConstructorOverrides::test_enabled_true_override PASSED [ 34%]
tests/test_phase5_env_config.py::TestConstructorOverrides::test_enabled_false_override PASSED [ 34%]
tests/test_phase5_env_config.py::TestConstructorOverrides::test_timeout_override PASSED [ 34%]
tests/test_phase5_env_config.py::TestConstructorOverrides::test_timeout_default_uses_module_constant PASSED [ 35%]
tests/test_phase5_env_config.py::TestConstructorOverrides::test_no_enabled_override_uses_module_constant PASSED [ 35%]
tests/test_phase5_env_config.py::TestDisabledSandbox::test_disabled_run_returns_sandbox_result PASSED [ 35%]
tests/test_phase5_env_config.py::TestDisabledSandbox::test_disabled_run_result_has_enabled_false PASSED [ 35%]
tests/test_phase5_env_config.py::TestDisabledSandbox::test_sandbox_result_disabled_classmethod PASSED [ 35%]
tests/test_phase5_env_config.py::TestDisabledSandbox::test_disabled_run_never_raises PASSED [ 35%]
tests/test_phase5_env_config.py::TestDotEnvFile::test_env_file_exists PASSED [ 35%]
tests/test_phase5_env_config.py::TestDotEnvFile::test_sandbox_enabled_entry_present PASSED [ 35%]
tests/test_phase5_env_config.py::TestDotEnvFile::test_sandbox_enabled_value_is_false PASSED [ 35%]
tests/test_phase5_env_config.py::TestDotEnvFile::test_sandbox_timeout_entry_present PASSED [ 36%]
tests/test_phase5_env_config.py::TestDotEnvFile::test_sandbox_timeout_value_is_sixty PASSED [ 36%]
tests/test_phase5_env_config.py::TestDotEnvFile::test_sandbox_docker_python_entry_present PASSED [ 36%]
tests/test_phase5_env_config.py::TestDotEnvFile::test_sandbox_docker_python_value_matches_spec PASSED [ 36%]
tests/test_phase5_env_config.py::TestDotEnvFile::test_sandbox_docker_node_entry_present PASSED [ 36%]
tests/test_phase5_env_config.py::TestDotEnvFile::test_sandbox_docker_node_value_matches_spec PASSED [ 36%]
tests/test_phase5_sandbox_to_buganalyst_e2e.py::TestSandboxToBugAnalystE2E::test_run_sandbox_stores_non_none_string_to_memory PASSED [ 36%]
tests/test_phase5_sandbox_to_buganalyst_e2e.py::TestSandboxToBugAnalystE2E::test_stored_value_is_valid_json PASSED [ 36%]
tests/test_phase5_sandbox_to_buganalyst_e2e.py::TestSandboxToBugAnalystE2E::test_stored_json_has_lint_build_test_keys PASSED [ 37%]
tests/test_phase5_sandbox_to_buganalyst_e2e.py::TestSandboxToBugAnalystE2E::test_inject_prepends_automated_header_before_buganalyst_prompt PASSED [ 37%]
tests/test_phase5_sandbox_to_buganalyst_e2e.py::TestSandboxToBugAnalystE2E::test_inject_result_contains_lint_line PASSED [ 37%]
tests/test_phase5_sandbox_to_buganalyst_e2e.py::TestSandboxToBugAnalystE2E::test_inject_result_contains_build_line PASSED [ 37%]
tests/test_phase5_sandbox_to_buganalyst_e2e.py::TestSandboxToBugAnalystE2E::test_inject_result_contains_tests_line PASSED [ 37%]
tests/test_phase5_sandbox_to_buganalyst_e2e.py::TestSandboxToBugAnalystE2E::test_inject_returns_original_for_non_buganalyst_stage PASSED [ 37%]
tests/test_phase5_sandbox_to_buganalyst_e2e.py::TestSandboxToBugAnalystE2E::test_inject_returns_original_for_empty_stage PASSED [ 37%]
tests/test_phase5_sandbox_to_buganalyst_e2e.py::TestSandboxToBugAnalystE2E::test_inject_degrades_gracefully_when_no_sandbox_result_stored PASSED [ 37%]
tests/test_phase5_sandbox_to_buganalyst_e2e.py::TestSandboxToBugAnalystE2E::test_inject_degrades_gracefully_when_memory_manager_is_none PASSED [ 38%]
tests/test_phase6_alembic.py::TestMigrationFileStructure::test_alembic_ini_exists PASSED [ 38%]
tests/test_phase6_alembic.py::TestMigrationFileStructure::test_migrations_env_exists PASSED [ 38%]
tests/test_phase6_alembic.py::TestMigrationFileStructure::test_migrations_script_mako_exists PASSED [ 38%]
tests/test_phase6_alembic.py::TestMigrationFileStructure::test_baseline_migration_exists PASSED [ 38%]
tests/test_phase6_alembic.py::TestMigrationFileStructure::test_baseline_revision_is_0001 PASSED [ 38%]
tests/test_phase6_alembic.py::TestMigrationFileStructure::test_baseline_has_no_down_revision PASSED [ 38%]
tests/test_phase6_alembic.py::TestMigrationFileStructure::test_alembic_in_requirements PASSED [ 38%]
tests/test_phase6_alembic.py::TestMigrationFileStructure::test_alembic_version_requirement PASSED [ 39%]
tests/test_phase6_alembic.py::TestMemorySchema::test_artifacts_table_created PASSED [ 39%]
tests/test_phase6_alembic.py::TestMemorySchema::test_artifacts_columns PASSED [ 39%]
tests/test_phase6_alembic.py::TestMemorySchema::test_artifacts_approved_default_zero PASSED [ 39%]
tests/test_phase6_alembic.py::TestMemorySchema::test_safety_checks_table_created PASSED [ 39%]
tests/test_phase6_alembic.py::TestMemorySchema::test_safety_checks_columns PASSED [ 39%]
tests/test_phase6_alembic.py::TestMemorySchema::test_project_events_table_created PASSED [ 39%]
tests/test_phase6_alembic.py::TestMemorySchema::test_project_events_columns PASSED [ 39%]
tests/test_phase6_alembic.py::TestMemorySchema::test_session_checkpoints_table_created PASSED [ 40%]
tests/test_phase6_alembic.py::TestMemorySchema::test_session_checkpoints_primary_key_is_session_id PASSED [ 40%]
tests/test_phase6_alembic.py::TestMemorySchema::test_session_checkpoints_columns PASSED [ 40%]
tests/test_phase6_alembic.py::TestCostsSchema::test_llm_calls_table_created PASSED [ 40%]
tests/test_phase6_alembic.py::TestCostsSchema::test_llm_calls_primary_key_is_call_id PASSED [ 40%]
tests/test_phase6_alembic.py::TestCostsSchema::test_llm_calls_columns PASSED [ 40%]
tests/test_phase6_alembic.py::TestCostsSchema::test_idx_llm_calls_project_created PASSED [ 40%]
tests/test_phase6_alembic.py::TestAuthSchema::test_users_table_created PASSED [ 40%]
tests/test_phase6_alembic.py::TestAuthSchema::test_users_email_unique PASSED [ 40%]
tests/test_phase6_alembic.py::TestAuthSchema::test_refresh_tokens_table_created PASSED [ 41%]
tests/test_phase6_alembic.py::TestAuthSchema::test_refresh_tokens_columns PASSED [ 41%]
tests/test_phase6_alembic.py::TestAuthSchema::test_idx_refresh_tokens_user_created PASSED [ 41%]
tests/test_phase6_alembic.py::TestKnowledgeSchema::test_knowledge_entries_table_created PASSED [ 41%]
tests/test_phase6_alembic.py::TestKnowledgeSchema::test_knowledge_entries_key_unique PASSED [ 41%]
tests/test_phase6_alembic.py::TestKnowledgeSchema::test_knowledge_entries_columns PASSED [ 41%]
tests/test_phase6_alembic.py::TestLearningSchema::test_trajectories_table_created PASSED [ 41%]
tests/test_phase6_alembic.py::TestLearningSchema::test_trajectories_includes_project_id PASSED [ 41%]
tests/test_phase6_alembic.py::TestLearningSchema::test_trajectories_columns PASSED [ 42%]
tests/test_phase6_alembic.py::TestLearningSchema::test_templates_table_created PASSED [ 42%]
tests/test_phase6_alembic.py::TestLearningSchema::test_templates_columns PASSED [ 42%]
tests/test_phase6_alembic.py::TestLessonsSchema::test_lessons_table_created PASSED [ 42%]
tests/test_phase6_alembic.py::TestLessonsSchema::test_lessons_primary_key_is_lesson_id PASSED [ 42%]
tests/test_phase6_alembic.py::TestLessonsSchema::test_lessons_columns PASSED [ 42%]
tests/test_phase6_alembic.py::TestFileIndexSchema::test_file_index_table_created PASSED [ 42%]
tests/test_phase6_alembic.py::TestFileIndexSchema::test_file_index_unique_constraint PASSED [ 42%]
tests/test_phase6_alembic.py::TestFileIndexSchema::test_file_index_columns PASSED [ 43%]
tests/test_phase6_alembic.py::TestFileIndexSchema::test_idx_file_index_project_created PASSED [ 43%]
tests/test_phase6_alembic.py::TestUpgradeDispatch::test_upgrade_memory_dispatches_correctly PASSED [ 43%]
tests/test_phase6_alembic.py::TestUpgradeDispatch::test_upgrade_unknown_db_raises PASSED [ 43%]
tests/test_phase6_alembic.py::TestUpgradeDispatch::test_downgrade_is_noop PASSED [ 43%]
tests/test_phase6_alembic.py::TestAlembicEnvModule::test_env_has_seven_databases PASSED [ 43%]
tests/test_phase6_alembic.py::TestAlembicEnvModule::test_env_uses_per_db_version_table PASSED [ 43%]
tests/test_phase6_alembic.py::TestAlembicEnvModule::test_env_references_correct_env_vars PASSED [ 43%]
tests/test_phase6_celery_dispatch.py::TestLaunchPipelineBackground::test_non_stage_run_calls_dispatch_pipeline PASSED [ 44%]
tests/test_phase6_celery_dispatch.py::TestLaunchPipelineBackground::test_non_stage_run_passes_skip_qa PASSED [ 44%]
tests/test_phase6_celery_dispatch.py::TestLaunchPipelineBackground::test_non_stage_run_does_not_spawn_a_thread PASSED [ 44%]
tests/test_phase6_celery_dispatch.py::TestLaunchPipelineBackground::test_stage_run_calls_manager_run_stage PASSED [ 44%]
tests/test_phase6_celery_dispatch.py::TestLaunchPipelineBackground::test_stage_run_does_not_call_dispatch_pipeline PASSED [ 44%]
tests/test_phase6_celery_dispatch.py::TestDispatchPipeline::test_falls_back_to_thread_when_no_broker_url PASSED [ 44%]
tests/test_phase6_celery_dispatch.py::TestDispatchPipeline::test_threading_fallback_thread_is_daemon PASSED [ 44%]
tests/test_phase6_celery_dispatch.py::TestDispatchPipeline::test_threading_fallback_calls_manager_run_with_skip_qa PASSED [ 44%]
tests/test_phase6_celery_dispatch.py::TestDispatchPipeline::test_celery_apply_async_called_when_task_available PASSED [ 45%]
tests/test_phase6_celery_dispatch.py::TestDispatchPipeline::test_celery_failure_falls_back_to_thread PASSED [ 45%]
tests/test_phase6_db_paths.py::TestSettingsDefaults::test_knowledge_db_is_absolute PASSED [ 45%]
tests/test_phase6_db_paths.py::TestSettingsDefaults::test_learning_db_is_absolute PASSED [ 45%]
tests/test_phase6_db_paths.py::TestSettingsDefaults::test_lessons_db_is_absolute PASSED [ 45%]
tests/test_phase6_db_paths.py::TestSettingsDefaults::test_memory_db_path_is_absolute PASSED [ 45%]
tests/test_phase6_db_paths.py::TestSettingsDefaults::test_settings_defaults_inside_backend_data PASSED [ 45%]
tests/test_phase6_db_paths.py::TestModuleDefaultPaths::test_memory_manager_default PASSED [ 45%]
tests/test_phase6_db_paths.py::TestModuleDefaultPaths::test_learning_loop_default PASSED [ 45%]
tests/test_phase6_db_paths.py::TestModuleDefaultPaths::test_lesson_store_default PASSED [ 46%]
tests/test_phase6_db_paths.py::TestModuleDefaultPaths::test_knowledge_memory_db_default PASSED [ 46%]
tests/test_phase6_db_paths.py::TestModuleDefaultPaths::test_knowledge_memory_index_default PASSED [ 46%]
tests/test_phase6_db_paths.py::TestModuleDefaultPaths::test_project_event_log_default PASSED [ 46%]
tests/test_phase6_db_paths.py::TestModuleDefaultPaths::test_template_engine_default PASSED [ 46%]
tests/test_phase6_db_paths.py::TestModuleDefaultPaths::test_users_default PASSED [ 46%]
tests/test_phase6_db_paths.py::TestModuleDefaultPaths::test_artifact_manager_default PASSED [ 46%]
tests/test_phase6_db_paths.py::TestModuleDefaultPaths::test_safety_policy_default PASSED [ 46%]
tests/test_phase6_db_paths.py::TestModuleDefaultPaths::test_checkpoint_default PASSED [ 47%]
tests/test_phase6_db_paths.py::TestModuleDefaultPaths::test_cost_tracker_default PASSED [ 47%]
tests/test_phase6_db_paths.py::test_all_defaults_point_to_backend_data PASSED [ 47%]
tests/test_phase6_db_paths.py::test_learning_loop_cwd_independent PASSED [ 47%]
tests/test_phase6_db_paths.py::test_settings_cwd_independent PASSED      [ 47%]
tests/test_phase6_db_paths.py::test_env_var_overrides_learning_db PASSED [ 47%]
tests/test_phase6_db_paths.py::test_env_var_overrides_auth_db PASSED     [ 47%]
tests/test_phase6_db_paths.py::test_lesson_store_explicit_path PASSED    [ 47%]
tests/test_phase6_db_paths.py::test_learning_loop_explicit_path PASSED   [ 48%]
tests/test_phase6_db_paths.py::test_container_data_dir_resolves_to_backend_data PASSED [ 48%]
tests/test_phase6_db_paths.py::test_backend_data_directory_exists PASSED [ 48%]
tests/test_phase6_middleware.py::TestRateLimitMiddleware::test_allows_requests_below_limit PASSED [ 48%]
tests/test_phase6_middleware.py::TestRateLimitMiddleware::test_returns_429_after_limit_exceeded PASSED [ 48%]
tests/test_phase6_middleware.py::TestRateLimitMiddleware::test_non_project_path_not_rate_limited PASSED [ 48%]
tests/test_phase6_middleware.py::TestRateLimitMiddleware::test_disabled_rate_limit_always_passes PASSED [ 48%]
tests/test_phase6_middleware.py::TestCheckProjectCreate::test_raises_429_after_limit PASSED [ 48%]
tests/test_phase6_middleware.py::TestCheckProjectCreate::test_different_keys_have_separate_buckets PASSED [ 49%]
tests/test_phase6_middleware.py::TestRequestSizeLimitMiddleware::test_allows_request_under_limit PASSED [ 49%]
tests/test_phase6_middleware.py::TestRequestSizeLimitMiddleware::test_returns_413_for_oversized_body PASSED [ 49%]
tests/test_phase6_middleware.py::TestRequestSizeLimitMiddleware::test_passes_through_when_no_content_length PASSED [ 49%]
tests/test_phase6_middleware.py::TestRequestSizeLimitMiddleware::test_413_response_contains_size_limit_in_detail PASSED [ 49%]
tests/test_phase6_middleware.py::TestLoggingContextMiddleware::test_project_id_bound_from_workflow_path PASSED [ 49%]
tests/test_phase6_middleware.py::TestLoggingContextMiddleware::test_request_id_bound_from_header PASSED [ 49%]
tests/test_phase6_middleware.py::TestLoggingContextMiddleware::test_contextvars_reset_after_response PASSED [ 49%]
tests/test_phase6_middleware.py::TestLoggingContextMiddleware::test_extract_project_id_workflow_path PASSED [ 50%]
tests/test_phase6_middleware.py::TestLoggingContextMiddleware::test_extract_project_id_projects_path PASSED [ 50%]
tests/test_phase6_middleware.py::TestLoggingContextMiddleware::test_extract_project_id_unmatched_path PASSED [ 50%]
tests/test_phase6_middleware.py::TestLoggingContextMiddleware::test_filter_installed_on_root_logger PASSED [ 50%]
tests/test_phase6_middleware.py::TestLoggingContextMiddleware::test_filter_injects_project_id_into_log_record PASSED [ 50%]
tests/test_phase6_p1_fixes.py::TestMaxProjectsPerKey::test_below_limit_succeeds PASSED [ 50%]
tests/test_phase6_p1_fixes.py::TestMaxProjectsPerKey::test_at_limit_is_rejected PASSED [ 50%]
tests/test_phase6_p1_fixes.py::TestMaxProjectsPerKey::test_above_limit_is_rejected PASSED [ 50%]
tests/test_phase6_p1_fixes.py::TestMaxProjectsPerKey::test_different_users_have_independent_counts PASSED [ 50%]
tests/test_phase6_p1_fixes.py::TestMaxProjectsPerKey::test_error_message_contains_limit PASSED [ 51%]
tests/test_phase6_p1_fixes.py::TestMaxProjectsPerKey::test_env_var_limit_respected PASSED [ 51%]
tests/test_phase6_p1_fixes.py::TestMaxProjectsPerKey::test_anonymous_user_counted_independently PASSED [ 51%]
tests/test_phase6_p1_fixes.py::TestMaxProjectsPerKey::test_zero_projects_always_passes PASSED [ 51%]
tests/test_phase6_p1_fixes.py::TestMaxProjectsPerKey::test_existing_validation_unchanged PASSED [ 51%]
tests/test_phase6_p1_fixes.py::TestMaxProjectsPerKey::test_max_projects_per_key_constant_is_module_level PASSED [ 51%]
tests/test_phase6_p1_fixes.py::TestCeleryEagerTaskRegistration::test_task_fn_is_none_without_broker PASSED [ 51%]
tests/test_phase6_p1_fixes.py::TestCeleryEagerTaskRegistration::test_task_fn_registered_without_calling_dispatch_pipeline PASSED [ 51%]
tests/test_phase6_p1_fixes.py::TestCeleryEagerTaskRegistration::test_task_fn_is_named_run_pipeline PASSED [ 52%]
tests/test_phase6_p1_fixes.py::TestCeleryEagerTaskRegistration::test_get_task_returns_already_registered_task PASSED [ 52%]
tests/test_phase6_p1_fixes.py::TestCeleryEagerTaskRegistration::test_define_celery_task_not_called_lazily PASSED [ 52%]
tests/test_phase6_p1_fixes.py::TestCeleryWorkerEntrypoint::test_celery_app_attribute_exists_at_module_level PASSED [ 52%]
tests/test_phase6_p1_fixes.py::TestCeleryWorkerEntrypoint::test_celery_app_is_none_without_broker PASSED [ 52%]
tests/test_phase6_p1_fixes.py::TestCeleryWorkerEntrypoint::test_get_celery_app_returns_same_as_module_attr PASSED [ 52%]
tests/test_phase6_p1_fixes.py::TestCeleryWorkerEntrypoint::test_celery_app_is_celery_instance_when_broker_set PASSED [ 52%]
tests/test_phase6_p1_fixes.py::TestCeleryWorkerEntrypoint::test_dispatch_pipeline_uses_celery_app_when_available PASSED [ 52%]
tests/test_phase6_p1_fixes.py::TestCeleryWorkerEntrypoint::test_dispatch_pipeline_falls_back_to_threads_without_broker PASSED [ 53%]
tests/test_phase6_p1_fixes.py::TestCeleryWorkerEntrypoint::test_celery_app_configured_with_json_serializer PASSED [ 53%]
tests/test_phase6_p1_fixes.py::TestCeleryWorkerEntrypoint::test_docker_compose_worker_command_is_correct PASSED [ 53%]
tests/test_phase6_prometheus.py::test_prometheus_package_importable PASSED [ 53%]
tests/test_phase6_prometheus.py::test_instrumentator_class_importable PASSED [ 53%]
tests/test_phase6_prometheus.py::test_instrument_prometheus_importable PASSED [ 53%]
tests/test_phase6_prometheus.py::test_noop_when_disabled PASSED          [ 53%]
tests/test_phase6_prometheus.py::test_metrics_route_registered_when_enabled PASSED [ 53%]
tests/test_phase6_prometheus.py::test_metrics_endpoint_returns_200 PASSED [ 54%]
tests/test_phase6_prometheus.py::test_no_exception_on_bare_app PASSED    [ 54%]
tests/test_phase6_prometheus.py::test_prometheus_enabled_env_var[true-True] PASSED [ 54%]
tests/test_phase6_prometheus.py::test_prometheus_enabled_env_var[1-True] PASSED [ 54%]
tests/test_phase6_prometheus.py::test_prometheus_enabled_env_var[yes-True] PASSED [ 54%]
tests/test_phase6_prometheus.py::test_prometheus_enabled_env_var[false-False] PASSED [ 54%]
tests/test_phase6_prometheus.py::test_prometheus_enabled_env_var[0-False] PASSED [ 54%]
tests/test_phase6_prometheus.py::test_prometheus_enabled_env_var[-False] PASSED [ 54%]
tests/test_phase6_prometheus.py::test_graceful_noop_on_import_error PASSED [ 55%]
tests/test_phase7_canonical.py::TestModelRouterStageProfies::test_known_stage_returns_profile PASSED [ 55%]
tests/test_phase7_canonical.py::TestModelRouterStageProfies::test_known_stage_architect_has_max_tokens PASSED [ 55%]
tests/test_phase7_canonical.py::TestModelRouterStageProfies::test_known_stage_backend_developer_has_max_tokens PASSED [ 55%]
tests/test_phase7_canonical.py::TestModelRouterStageProfies::test_known_stage_product_owner_temperature PASSED [ 55%]
tests/test_phase7_canonical.py::TestModelRouterStageProfies::test_unknown_stage_returns_default_not_none PASSED [ 55%]
tests/test_phase7_canonical.py::TestModelRouterStageProfies::test_unknown_stage_temperature_is_conservative PASSED [ 55%]
tests/test_phase7_canonical.py::TestModelRouterStageProfies::test_all_canonical_stages_present PASSED [ 55%]
tests/test_phase7_canonical.py::TestModelRouterStageProfies::test_register_profile_overrides_stage PASSED [ 55%]
tests/test_phase7_canonical.py::TestModelRouterEnvVarOverrides::test_stage_model_env_var_overrides_model PASSED [ 56%]
tests/test_phase7_canonical.py::TestModelRouterEnvVarOverrides::test_stage_provider_env_var_overrides_provider PASSED [ 56%]
tests/test_phase7_canonical.py::TestModelRouterEnvVarOverrides::test_provider_and_model_overridden_independently_provider PASSED [ 56%]
tests/test_phase7_canonical.py::TestModelRouterEnvVarOverrides::test_provider_and_model_overridden_independently_model PASSED [ 56%]
tests/test_phase7_canonical.py::TestModelRouterEnvVarOverrides::test_temperature_preserved_when_model_overridden PASSED [ 56%]
tests/test_phase7_canonical.py::TestModelRouterEnvVarOverrides::test_max_tokens_preserved_when_provider_overridden PASSED [ 56%]
tests/test_phase7_canonical.py::TestModelRouterEnvVarOverrides::test_no_env_var_returns_table_profile_unchanged PASSED [ 56%]
tests/test_phase7_canonical.py::TestModelRouterEnvVarOverrides::test_env_var_key_is_stage_name_uppercased PASSED [ 56%]
tests/test_phase7_canonical.py::TestModelRouterEnvVarOverrides::test_env_override_is_read_at_call_time_not_import_time PASSED [ 57%]
tests/test_phase7_canonical.py::TestModelRouterEnvVarOverrides::test_env_override_isolated_to_stage PASSED [ 57%]
tests/test_phase7_canonical.py::TestModelRouterEnvVarOverrides::test_both_provider_and_model_overridden PASSED [ 57%]
tests/test_phase7_canonical.py::TestModelRouterEnvVarOverrides::test_unknown_stage_with_env_override PASSED [ 57%]
tests/test_phase7_canonical.py::TestTemplateEngineExtract::test_extract_returns_template PASSED [ 57%]
tests/test_phase7_canonical.py::TestTemplateEngineExtract::test_extract_replaces_volatile_keys_with_placeholder PASSED [ 57%]
tests/test_phase7_canonical.py::TestTemplateEngineExtract::test_extract_preserves_structural_depth PASSED [ 57%]
tests/test_phase7_canonical.py::TestTemplateEngineExtract::test_extract_persists_to_sqlite PASSED [ 57%]
tests/test_phase7_canonical.py::TestTemplateEngineExtract::test_extract_non_fatal_on_bad_input PASSED [ 58%]
tests/test_phase7_canonical.py::TestTemplateEngineFindSimilar::test_find_similar_returns_empty_when_no_templates PASSED [ 58%]
tests/test_phase7_canonical.py::TestTemplateEngineFindSimilar::test_find_similar_returns_templates_for_correct_stage PASSED [ 58%]
tests/test_phase7_canonical.py::TestTemplateEngineFindSimilar::test_find_similar_respects_limit PASSED [ 58%]
tests/test_phase7_canonical.py::TestTemplateEngineFindSimilar::test_find_similar_latest_template_ranks_first PASSED [ 58%]
tests/test_phase7_canonical.py::TestTemplateEngineFindSimilar::test_find_similar_non_fatal_on_empty_context PASSED [ 58%]
tests/test_phase7_canonical.py::TestTemplateEngineInject::test_inject_adds_template_keys_missing_from_context PASSED [ 58%]
tests/test_phase7_canonical.py::TestTemplateEngineInject::test_inject_context_values_take_precedence PASSED [ 58%]
tests/test_phase7_canonical.py::TestTemplateEngineInject::test_inject_non_fatal_on_exception PASSED [ 59%]
tests/test_phase7_canonical.py::TestMemoryOrchestratorAutoWrite::test_approval_calls_record_success PASSED [ 59%]
tests/test_phase7_canonical.py::TestMemoryOrchestratorAutoWrite::test_approval_passes_correct_stage_name PASSED [ 59%]
tests/test_phase7_canonical.py::TestMemoryOrchestratorAutoWrite::test_approval_passes_correct_project_id PASSED [ 59%]
tests/test_phase7_canonical.py::TestMemoryOrchestratorAutoWrite::test_rejection_calls_lesson_store_record PASSED [ 59%]
tests/test_phase7_canonical.py::TestMemoryOrchestratorAutoWrite::test_rejection_passes_correct_stage_and_project PASSED [ 59%]
tests/test_phase7_canonical.py::TestMemoryOrchestratorAutoWrite::test_rejection_includes_feedback_in_what_failed PASSED [ 59%]
tests/test_phase7_canonical.py::TestMemoryOrchestratorAutoWrite::test_approval_without_learning_loop_does_not_crash PASSED [ 59%]
tests/test_phase7_canonical.py::TestMemoryOrchestratorAutoWrite::test_rejection_without_lesson_store_does_not_crash PASSED [ 60%]
tests/test_phase7_canonical.py::TestMemoryOrchestratorAutoWrite::test_approval_learning_loop_failure_is_non_fatal PASSED [ 60%]
tests/test_phase7_canonical.py::TestMemoryOrchestratorAutoWrite::test_rejection_lesson_store_failure_is_non_fatal PASSED [ 60%]
tests/test_phase7_rag.py::TestSecretScrubber::test_clean_text_passes_through PASSED [ 60%]
tests/test_phase7_rag.py::TestSecretScrubber::test_empty_string_passes_through PASSED [ 60%]
tests/test_phase7_rag.py::TestSecretScrubber::test_sk_key_redacted PASSED [ 60%]
tests/test_phase7_rag.py::TestSecretScrubber::test_anthropic_sk_key_redacted PASSED [ 60%]
tests/test_phase7_rag.py::TestSecretScrubber::test_jwt_token_redacted PASSED [ 60%]
tests/test_phase7_rag.py::TestSecretScrubber::test_aws_access_key_redacted PASSED [ 60%]
tests/test_phase7_rag.py::TestSecretScrubber::test_google_api_key_redacted PASSED [ 61%]
tests/test_phase7_rag.py::TestSecretScrubber::test_github_token_redacted PASSED [ 61%]
tests/test_phase7_rag.py::TestSecretScrubber::test_bearer_token_redacted PASSED [ 61%]
tests/test_phase7_rag.py::TestSecretScrubber::test_password_assignment_redacted PASSED [ 61%]
tests/test_phase7_rag.py::TestSecretScrubber::test_api_key_assignment_redacted PASSED [ 61%]
tests/test_phase7_rag.py::TestSecretScrubber::test_env_var_secret_redacted PASSED [ 61%]
tests/test_phase7_rag.py::TestSecretScrubber::test_multiple_secrets_all_redacted PASSED [ 61%]
tests/test_phase7_rag.py::TestSecretScrubber::test_non_secret_uuid_not_redacted PASSED [ 61%]
tests/test_phase7_rag.py::TestSecretScrubber::test_contains_secret_true_for_jwt PASSED [ 62%]
tests/test_phase7_rag.py::TestSecretScrubber::test_contains_secret_false_for_clean_text PASSED [ 62%]
tests/test_phase7_rag.py::TestSecretScrubber::test_module_level_scrub_function PASSED [ 62%]
tests/test_phase7_rag.py::TestSecretScrubber::test_scrub_or_raise_raises_on_scrubber_failure PASSED [ 62%]
tests/test_phase7_rag.py::TestKnowledgeMemorySecretScrubbing::test_secret_not_persisted_in_sqlite PASSED [ 62%]
tests/test_phase7_rag.py::TestKnowledgeMemorySecretScrubbing::test_secret_not_retrievable_via_search PASSED [ 62%]
tests/test_phase7_rag.py::TestKnowledgeMemorySecretScrubbing::test_clean_text_stored_unchanged PASSED [ 62%]
tests/test_phase7_rag.py::TestKnowledgeMemorySecretScrubbing::test_jwt_scrubbed_before_embedding PASSED [ 62%]
tests/test_phase7_rag.py::TestKnowledgeMemorySecretScrubbing::test_password_scrubbed_in_store PASSED [ 63%]
tests/test_phase7_rag.py::TestKnowledgeMemorySecretScrubbing::test_scrubber_failure_blocks_store PASSED [ 63%]
tests/test_phase7_rag.py::TestProjectIsolation::test_project_a_patterns_not_returned_for_project_b PASSED [ 63%]
tests/test_phase7_rag.py::TestProjectIsolation::test_project_a_patterns_returned_for_project_a PASSED [ 63%]
tests/test_phase7_rag.py::TestProjectIsolation::test_category_key_format_is_project_scoped PASSED [ 63%]
tests/test_phase7_rag.py::TestProjectIsolation::test_context_orchestrator_uses_project_scoped_category PASSED [ 63%]
tests/test_phase7_rag.py::TestLearningLoopIndexing::test_approved_trajectory_is_indexed PASSED [ 63%]
tests/test_phase7_rag.py::TestLearningLoopIndexing::test_rejected_trajectory_not_indexed PASSED [ 63%]
tests/test_phase7_rag.py::TestLearningLoopIndexing::test_both_logged_to_sqlite_regardless_of_approval PASSED [ 64%]
tests/test_phase7_rag.py::TestLearningLoopIndexing::test_metadata_correctness PASSED [ 64%]
tests/test_phase7_rag.py::TestLearningLoopIndexing::test_secrets_in_trajectory_not_indexed PASSED [ 64%]
tests/test_phase7_rag.py::TestLearningLoopIndexing::test_duplicate_trajectory_key_replaced PASSED [ 64%]
tests/test_phase7_rag.py::TestIntelligenceLoop::test_approved_execution_knowledge_retrieved_by_later_query PASSED [ 64%]
tests/test_phase7_rag.py::TestIntelligenceLoop::test_cross_stage_no_leakage PASSED [ 64%]
tests/test_phase7_rag.py::TestIntelligenceLoop::test_knowledge_persisted_across_instances PASSED [ 64%]
tests/test_phase7_rag.py::TestRAGFailureResilience::test_empty_index_search_returns_empty_list PASSED [ 64%]
tests/test_phase7_rag.py::TestRAGFailureResilience::test_search_with_category_filter_on_empty_index PASSED [ 65%]
tests/test_phase7_rag.py::TestRAGFailureResilience::test_corrupt_hnsw_file_falls_back_to_fresh_index PASSED [ 65%]
tests/test_phase7_rag.py::TestRAGFailureResilience::test_missing_hnsw_file_creates_fresh_index PASSED [ 65%]
tests/test_phase7_rag.py::TestRAGFailureResilience::test_orphaned_hnsw_label_skipped_gracefully PASSED [ 65%]
tests/test_phase7_rag.py::TestRAGFailureResilience::test_embedding_failure_raises_cleanly PASSED [ 65%]
tests/test_phase7_rag.py::TestRAGFailureResilience::test_learning_loop_embedding_failure_does_not_crash_logging PASSED [ 65%]
tests/test_phase7_rag.py::TestRAGFailureResilience::test_search_top_k_limited_to_index_size PASSED [ 65%]
tests/test_phase7_rag.py::TestRAGFailureResilience::test_oversized_value_stored_and_retrieved PASSED [ 65%]
tests/test_phase7_rag.py::TestContextAssembly::test_past_patterns_appear_in_context_orchestrator_output PASSED [ 65%]
tests/test_phase7_rag.py::TestContextAssembly::test_empty_rag_does_not_crash_context_build PASSED [ 66%]
tests/test_phase7_rag.py::TestContextAssembly::test_rag_exception_does_not_crash_context_build PASSED [ 66%]
tests/test_phase7_rag.py::TestContextAssembly::test_similarity_threshold_applied PASSED [ 66%]
tests/test_phase7_rag.py::TestContextAssembly::test_retrieved_memory_treated_as_data_not_instruction PASSED [ 66%]
tests/test_phase8_file_registry.py::TestFileRegistryP86::test_01_register_creates_entry PASSED [ 66%]
tests/test_phase8_file_registry.py::TestFileRegistryP86::test_02_record_register_compatibility PASSED [ 66%]
tests/test_phase8_file_registry.py::TestFileRegistryP86::test_03_get_existing_returns_only_requested_project PASSED [ 66%]
tests/test_phase8_file_registry.py::TestFileRegistryP86::test_04_get_existing_filters_by_area PASSED [ 66%]
tests/test_phase8_file_registry.py::TestFileRegistryP86::test_05_get_existing_does_not_leak_other_projects PASSED [ 67%]
tests/test_phase8_file_registry.py::TestFileRegistryP86::test_06_get_sprint_files_returns_only_requested_project PASSED [ 67%]
tests/test_phase8_file_registry.py::TestFileRegistryP86::test_07_get_sprint_files_filters_exact_sprint PASSED [ 67%]
tests/test_phase8_file_registry.py::TestFileRegistryP86::test_08_get_sprint_files_handles_multiple_files PASSED [ 67%]
tests/test_phase8_file_registry.py::TestFileRegistryP86::test_09_was_written_in_sprint_exact_match PASSED [ 67%]
tests/test_phase8_file_registry.py::TestFileRegistryP86::test_10_was_written_in_sprint_wrong_project PASSED [ 67%]
tests/test_phase8_file_registry.py::TestFileRegistryP86::test_11_was_written_in_sprint_wrong_area PASSED [ 67%]
tests/test_phase8_file_registry.py::TestFileRegistryP86::test_12_was_written_in_sprint_wrong_path PASSED [ 67%]
tests/test_phase8_file_registry.py::TestFileRegistryP86::test_13_was_written_in_sprint_wrong_sprint PASSED [ 68%]
tests/test_phase8_file_registry.py::TestFileRegistryP86::test_14_path_separator_normalization PASSED [ 68%]
tests/test_phase8_file_registry.py::TestFileRegistryP86::test_15_duplicate_registration_deterministic PASSED [ 68%]
tests/test_phase8_file_registry.py::TestFileRegistryP86::test_16_create_update_patch_operations_distinguishable PASSED [ 68%]
tests/test_phase8_file_registry.py::TestFileRegistryP86::test_17_serialization_round_trip PASSED [ 68%]
tests/test_phase8_file_registry.py::TestSprint1To2SanityFlow::test_sprint_1_to_2_workflow_sanity PASSED [ 68%]
tests/test_phase8_frontend_operation.py::TestFrontendCreate::test_create_does_not_call_read_file PASSED [ 68%]
tests/test_phase8_frontend_operation.py::TestFrontendCreate::test_create_prompt_contains_create_operation_label PASSED [ 68%]
tests/test_phase8_frontend_operation.py::TestFrontendCreate::test_create_prompt_does_not_contain_existing_content PASSED [ 69%]
tests/test_phase8_frontend_operation.py::TestFrontendUpdate::test_update_calls_read_file PASSED [ 69%]
tests/test_phase8_frontend_operation.py::TestFrontendUpdate::test_update_existing_content_in_prompt PASSED [ 69%]
tests/test_phase8_frontend_operation.py::TestFrontendUpdate::test_update_change_description_in_prompt PASSED [ 69%]
tests/test_phase8_frontend_operation.py::TestFrontendUpdate::test_update_prompt_contains_update_label PASSED [ 69%]
tests/test_phase8_frontend_operation.py::TestFrontendUpdate::test_update_prompt_instructs_preserve_functionality PASSED [ 69%]
tests/test_phase8_frontend_operation.py::TestFrontendUpdate::test_update_prompt_requests_complete_file PASSED [ 69%]
tests/test_phase8_frontend_operation.py::TestFrontendPatch::test_patch_calls_read_file PASSED [ 69%]
tests/test_phase8_frontend_operation.py::TestFrontendPatch::test_patch_existing_content_in_prompt PASSED [ 70%]
tests/test_phase8_frontend_operation.py::TestFrontendPatch::test_patch_change_description_in_prompt PASSED [ 70%]
tests/test_phase8_frontend_operation.py::TestFrontendPatch::test_patch_prompt_contains_patch_label PASSED [ 70%]
tests/test_phase8_frontend_operation.py::TestFrontendPatch::test_patch_prompt_instructs_no_unrelated_rewrites PASSED [ 70%]
tests/test_phase8_frontend_operation.py::TestFrontendMissingFile::test_update_missing_file_does_not_raise PASSED [ 70%]
tests/test_phase8_frontend_operation.py::TestFrontendMissingFile::test_patch_missing_file_does_not_raise PASSED [ 70%]
tests/test_phase8_frontend_operation.py::TestFrontendMissingFile::test_update_missing_file_falls_back_to_create_prompt PASSED [ 70%]
tests/test_phase8_frontend_operation.py::TestFrontendMissingFile::test_update_missing_file_read_file_still_called PASSED [ 70%]
tests/test_phase8_frontend_operation.py::TestFrontendOperationIsolation::test_create_vs_update_prompt_differs PASSED [ 70%]
tests/test_phase8_frontend_operation.py::TestFrontendOperationIsolation::test_update_vs_patch_prompt_differs PASSED [ 71%]
tests/test_phase8_frontend_operation.py::TestFrontendOperationIsolation::test_create_does_not_contain_existing_content_section PASSED [ 71%]
tests/test_phase8_frontend_operation.py::TestFrontendOperationIsolation::test_update_contains_existing_content_section PASSED [ 71%]
tests/test_phase8_frontend_operation.py::TestFrontendOperationIsolation::test_patch_contains_existing_content_section PASSED [ 71%]
tests/test_phase8_frontend_operation.py::TestFrontendMobileArea::test_mobile_area_returns_empty_string PASSED [ 71%]
tests/test_phase8_frontend_operation.py::TestFrontendMobileArea::test_mobile_read_file_uses_empty_area PASSED [ 71%]
tests/test_phase8_frontend_operation.py::TestFrontendMobileArea::test_mobile_area_with_none_architecture_falls_back_to_class_area PASSED [ 71%]
tests/test_phase8_frontend_operation.py::TestFrontendWebArea::test_web_fullstack_area_returns_frontend PASSED [ 71%]
tests/test_phase8_frontend_operation.py::TestFrontendWebArea::test_web_saas_area_returns_frontend PASSED [ 72%]
tests/test_phase8_frontend_operation.py::TestFrontendWebArea::test_web_read_file_uses_frontend_area PASSED [ 72%]
tests/test_phase8_write_mode.py::TestWriteFileCreateMode::test_create_skips_existing_file PASSED [ 72%]
tests/test_phase8_write_mode.py::TestWriteFileCreateMode::test_create_returns_written_file_with_zero_bytes PASSED [ 72%]
tests/test_phase8_write_mode.py::TestWriteFileCreateMode::test_create_writes_missing_file PASSED [ 72%]
tests/test_phase8_write_mode.py::TestWriteFileCreateMode::test_create_missing_file_returns_correct_byte_count PASSED [ 72%]
tests/test_phase8_write_mode.py::TestWriteFileOverwriteMode::test_overwrite_replaces_existing_content PASSED [ 72%]
tests/test_phase8_write_mode.py::TestWriteFileOverwriteMode::test_overwrite_is_default PASSED [ 72%]
tests/test_phase8_write_mode.py::TestWriteFileOverwriteMode::test_overwrite_creates_when_missing PASSED [ 73%]
tests/test_phase8_write_mode.py::TestWriteFilePatchMode::test_patch_writes_supplied_content PASSED [ 73%]
tests/test_phase8_write_mode.py::TestWriteFilePatchMode::test_patch_creates_when_missing PASSED [ 73%]
tests/test_phase8_write_mode.py::TestActionOperationMapping::test_create_operation_passes_create_mode PASSED [ 73%]
tests/test_phase8_write_mode.py::TestActionOperationMapping::test_update_operation_passes_overwrite_mode PASSED [ 73%]
tests/test_phase8_write_mode.py::TestActionOperationMapping::test_patch_operation_passes_patch_mode PASSED [ 73%]
tests/test_phase8_write_mode.py::TestActionOperationMapping::test_update_existing_content_injected_in_prompt PASSED [ 73%]
tests/test_phase8_write_mode.py::TestActionOperationMapping::test_patch_existing_content_injected_in_prompt PASSED [ 73%]
tests/test_phase9_context_manager.py::TestContextManagerConstruction::test_constructs_with_mocked_deps PASSED [ 74%]
tests/test_phase9_context_manager.py::TestContextManagerConstruction::test_build_context_returns_agent_context PASSED [ 74%]
tests/test_phase9_context_manager.py::TestSemanticLayerWiring::test_load_semantic_calls_build_context PASSED [ 74%]
tests/test_phase9_context_manager.py::TestSemanticLayerWiring::test_load_semantic_returns_lessons_and_patterns PASSED [ 74%]
tests/test_phase9_context_manager.py::TestSemanticLayerWiring::test_load_semantic_with_none_context_manager_returns_empty PASSED [ 74%]
tests/test_phase9_context_manager.py::TestLayerContributionLogging::test_get_context_emits_structured_log PASSED [ 74%]
tests/test_phase9_context_manager.py::TestLayerContributionLogging::test_layer_log_contains_layer_2_episodic_keys PASSED [ 74%]
tests/test_phase9_context_manager.py::TestLayerContributionLogging::test_layer_log_contains_layer_3_semantic_keys PASSED [ 74%]
tests/test_phase9_context_manager.py::TestLayerContributionLogging::test_layer_log_layer_3_semantic_counts_accurate PASSED [ 75%]
tests/test_phase9_context_manager.py::TestContextAssemblerWiring::test_assembler_uses_orchestrator_path_when_available PASSED [ 75%]
tests/test_phase9_context_manager.py::TestContextAssemblerWiring::test_assembler_degrades_gracefully_when_context_manager_none PASSED [ 75%]
tests/test_phase9_model_router_correlation.py::TestValidateProfile::test_valid_profile_accepted PASSED [ 75%]
tests/test_phase9_model_router_correlation.py::TestValidateProfile::test_temperature_above_one_rejected PASSED [ 75%]
tests/test_phase9_model_router_correlation.py::TestValidateProfile::test_temperature_below_zero_rejected PASSED [ 75%]
tests/test_phase9_model_router_correlation.py::TestValidateProfile::test_max_tokens_zero_rejected PASSED [ 75%]
tests/test_phase9_model_router_correlation.py::TestValidateProfile::test_empty_provider_rejected PASSED [ 75%]
tests/test_phase9_model_router_correlation.py::TestValidateProfile::test_model_empty_string_accepted PASSED [ 75%]
tests/test_phase9_model_router_correlation.py::TestValidateProfile::test_temperature_boundary_zero_accepted PASSED [ 76%]
tests/test_phase9_model_router_correlation.py::TestValidateProfile::test_temperature_boundary_one_accepted PASSED [ 76%]
tests/test_phase9_model_router_correlation.py::TestValidateProfile::test_max_tokens_negative_rejected PASSED [ 76%]
tests/test_phase9_model_router_correlation.py::TestValidateProfile::test_max_tokens_none_accepted PASSED [ 76%]
tests/test_phase9_model_router_correlation.py::TestValidateProfile::test_temperature_none_accepted PASSED [ 76%]
tests/test_phase9_model_router_correlation.py::TestAllStageProfilesValid::test_all_stage_profiles_pass_validation PASSED [ 76%]
tests/test_phase9_model_router_correlation.py::TestAllStageProfilesValid::test_validate_all_returns_dict PASSED [ 76%]
tests/test_phase9_model_router_correlation.py::TestAllStageProfilesValid::test_stage_profiles_non_empty PASSED [ 76%]
tests/test_phase9_model_router_correlation.py::TestTrajectoryCorrelation::test_approved_trajectory_counted_in_approvals PASSED [ 77%]
tests/test_phase9_model_router_correlation.py::TestTrajectoryCorrelation::test_rejected_trajectory_counted_in_rejections PASSED [ 77%]
tests/test_phase9_model_router_correlation.py::TestTrajectoryCorrelation::test_approval_rate_calculation PASSED [ 77%]
tests/test_phase9_model_router_correlation.py::TestTrajectoryCorrelation::test_grouping_by_stage PASSED [ 77%]
tests/test_phase9_model_router_correlation.py::TestTrajectoryCorrelation::test_grouping_by_temperature PASSED [ 77%]
tests/test_phase9_model_router_correlation.py::TestTrajectoryCorrelation::test_grouping_by_model PASSED [ 77%]
tests/test_phase9_model_router_correlation.py::TestTrajectoryCorrelation::test_project_isolation PASSED [ 77%]
tests/test_phase9_model_router_correlation.py::TestTrajectoryCorrelation::test_empty_dataset_returns_empty_list PASSED [ 77%]
tests/test_phase9_model_router_correlation.py::TestTrajectoryCorrelation::test_deterministic_ordering PASSED [ 78%]
tests/test_phase9_model_router_correlation.py::TestTrajectoryCorrelation::test_result_contains_required_keys PASSED [ 78%]
tests/test_phase9_model_router_correlation.py::TestTrajectoryCorrelation::test_no_sensitive_data_in_result PASSED [ 78%]
tests/test_phase9_model_router_correlation.py::TestTrajectoryCorrelation::test_provider_from_stage_profiles PASSED [ 78%]
tests/test_phase9_model_router_correlation.py::TestAnalyticsAPISchema::test_model_correlation_response_schema PASSED [ 78%]
tests/test_phase9_model_router_correlation.py::TestAnalyticsAPISchema::test_stage_analytics_includes_model_profile PASSED [ 78%]
tests/test_phase9_model_router_correlation.py::TestAnalyticsAPISchema::test_profiles_endpoint_returns_all_stages PASSED [ 78%]
tests/test_phase9_template_impact.py::TestBugFix::test_find_similar_called_with_limit_not_top_n PASSED [ 78%]
tests/test_phase9_template_impact.py::TestBugFix::test_injection_succeeds_when_template_exists PASSED [ 79%]
tests/test_phase9_template_impact.py::TestBugFix::test_no_injection_when_no_templates PASSED [ 79%]
tests/test_phase9_template_impact.py::TestBugFix::test_no_injection_when_no_template_engine PASSED [ 79%]
tests/test_phase9_template_impact.py::TestBugFix::test_inject_template_exception_yields_false_not_raise PASSED [ 79%]
tests/test_phase9_template_impact.py::TestContextPropagation::test_orchestrator_ctx_dict_passed_to_find_similar PASSED [ 79%]
tests/test_phase9_template_impact.py::TestContextPropagation::test_caller_context_preserved_in_similarity_dict PASSED [ 79%]
tests/test_phase9_template_impact.py::TestContextPropagation::test_legacy_path_still_works_without_orchestrator PASSED [ 79%]
tests/test_phase9_template_impact.py::TestContextPropagation::test_no_second_get_context_call PASSED [ 79%]
tests/test_phase9_template_impact.py::TestContextPropagation::test_assemble_result_type PASSED [ 80%]
tests/test_phase9_template_impact.py::TestContextPropagation::test_legacy_fallback_uses_minimal_context PASSED [ 80%]
tests/test_phase9_template_impact.py::TestSchema::test_template_injected_column_exists PASSED [ 80%]
tests/test_phase9_template_impact.py::TestSchema::test_template_injected_default_is_zero PASSED [ 80%]
tests/test_phase9_template_impact.py::TestSchema::test_existing_database_initializes_successfully PASSED [ 80%]
tests/test_phase9_template_impact.py::TestInjectionPropagation::test_injected_trajectory_written_with_true PASSED [ 80%]
tests/test_phase9_template_impact.py::TestInjectionPropagation::test_non_injected_trajectory_written_with_false PASSED [ 80%]
tests/test_phase9_template_impact.py::TestInjectionPropagation::test_learning_middleware_records_template_injected PASSED [ 80%]
tests/test_phase9_template_impact.py::TestInjectionPropagation::test_learning_middleware_default_false PASSED [ 80%]
tests/test_phase9_template_impact.py::TestInjectionPropagation::test_assemble_result_template_injected_propagates PASSED [ 81%]
tests/test_phase9_template_impact.py::TestIsolation::test_two_executions_independent_injection_status PASSED [ 81%]
tests/test_phase9_template_impact.py::TestIsolation::test_no_instance_state_on_context_assembler PASSED [ 81%]
tests/test_phase9_template_impact.py::TestDeterministicStageSelection::test_min_similarity_param_does_not_alter_selection PASSED [ 81%]
tests/test_phase9_template_impact.py::TestDeterministicStageSelection::test_context_contents_do_not_alter_ordering PASSED [ 81%]
tests/test_phase9_template_impact.py::TestDeterministicStageSelection::test_limit_applied_to_results PASSED [ 81%]
tests/test_phase9_template_impact.py::TestDeterministicStageSelection::test_stage_filtering_mandatory PASSED [ 81%]
tests/test_phase9_template_impact.py::TestTemplateImpactAnalytics::test_endpoint_exists PASSED [ 81%]
tests/test_phase9_template_impact.py::TestTemplateImpactAnalytics::test_response_schema_keys PASSED [ 82%]
tests/test_phase9_template_impact.py::TestTemplateImpactAnalytics::test_zero_data_deterministic PASSED [ 82%]
tests/test_phase9_template_impact.py::TestTemplateImpactAnalytics::test_injected_non_injected_counts_correct PASSED [ 82%]
tests/test_phase9_template_impact.py::TestTemplateImpactAnalytics::test_approval_rates_correct PASSED [ 82%]
tests/test_phase9_template_impact.py::TestTemplateImpactAnalytics::test_stage_filter PASSED [ 82%]
tests/test_phase9_template_impact.py::TestTemplateImpactAnalytics::test_no_sensitive_data_in_response PASSED [ 82%]
tests/test_phase9_template_impact.py::TestTemplateImpactAnalytics::test_no_learning_loop_returns_empty_response PASSED [ 82%]
tests/test_phase9_template_impact.py::TestTemplateImpactAnalytics::test_get_template_impact_stage_isolation PASSED [ 82%]
tests/test_phase9_template_impact.py::TestPhaseBTelemetryAttribution::test_schema_columns_exist PASSED [ 83%]
tests/test_phase9_template_impact.py::TestPhaseBTelemetryAttribution::test_historical_rows_receive_null PASSED [ 83%]
tests/test_phase9_template_impact.py::TestPhaseBTelemetryAttribution::test_injected_template_id_propagated_end_to_end PASSED [ 83%]
tests/test_phase9_template_impact.py::TestPhaseBTelemetryAttribution::test_non_injected_stores_null PASSED [ 83%]
tests/test_phase9_template_impact.py::TestPhaseBTelemetryAttribution::test_template_originating_trajectory_id PASSED [ 83%]
tests/test_phase9_template_impact.py::TestPhaseBTelemetryAttribution::test_interleaved_executions_prevent_cross_talk PASSED [ 83%]
tests/test_phase9_template_impact.py::TestPhaseBTelemetryAttribution::test_same_project_different_stages_isolation PASSED [ 83%]
tests/test_phase9_template_impact.py::TestPhaseBTelemetryAttribution::test_failed_trajectory_recording_does_not_reuse_stale_id PASSED [ 83%]
tests/test_replanning_router.py::TestReplanningToDiscovery::test_missing_discovery_stage_routes_to_discovery PASSED [ 84%]
tests/test_replanning_router.py::TestReplanningToDiscovery::test_state_set_to_requirements_ready_before_discovery PASSED [ 84%]
tests/test_replanning_router.py::TestReplanningToDiscovery::test_empty_stages_completed_routes_to_discovery PASSED [ 84%]
tests/test_replanning_router.py::TestReplanningToDiscovery::test_completed_discovery_stages_not_passed_to_phase_again PASSED [ 84%]
tests/test_replanning_router.py::TestReplanningToSprints::test_stale_sprint_plan_routes_to_sprints PASSED [ 84%]
tests/test_replanning_router.py::TestReplanningToSprints::test_pending_sprint_routes_to_sprints PASSED [ 84%]
tests/test_replanning_router.py::TestReplanningToSprints::test_state_set_to_sprint_in_progress_before_sprints PASSED [ 84%]
tests/test_replanning_router.py::TestReplanningToSprints::test_discovery_not_called_when_sprints_resume PASSED [ 84%]
tests/test_replanning_router.py::TestReplanningToRelease::test_all_stages_and_sprints_done_routes_to_release PASSED [ 85%]
tests/test_replanning_router.py::TestReplanningToRelease::test_state_set_to_all_sprints_complete_before_release PASSED [ 85%]
tests/test_replanning_router.py::TestReplanningToRelease::test_no_sprint_plan_no_pending_sprints_routes_to_release PASSED [ 85%]
tests/test_replanning_router.py::TestUnaffectedStagesPreserved::test_safe_stages_still_in_stages_completed PASSED [ 85%]
tests/test_replanning_router.py::TestExistingRoutingUnchanged::test_resuming_from_change_still_transitions_to_replanning PASSED [ 85%]
tests/test_replanning_router.py::TestExistingRoutingUnchanged::test_deployable_terminal_state_unaffected PASSED [ 85%]
tests/test_requirement_version.py::TestRequirementVersionConstruction::test_minimal_construction PASSED [ 85%]
tests/test_requirement_version.py::TestRequirementVersionConstruction::test_version_id_auto_generated PASSED [ 85%]
tests/test_requirement_version.py::TestRequirementVersionConstruction::test_version_id_is_unique_per_instance PASSED [ 85%]
tests/test_requirement_version.py::TestRequirementVersionConstruction::test_explicit_version_id_accepted PASSED [ 86%]
tests/test_requirement_version.py::TestRequirementVersionConstruction::test_default_status_is_current PASSED [ 86%]
tests/test_requirement_version.py::TestRequirementVersionConstruction::test_default_supersedes_is_none PASSED [ 86%]
tests/test_requirement_version.py::TestRequirementVersionConstruction::test_default_created_by_is_system PASSED [ 86%]
tests/test_requirement_version.py::TestRequirementVersionConstruction::test_default_change_description_is_empty PASSED [ 86%]
tests/test_requirement_version.py::TestRequirementVersionConstruction::test_created_at_is_utc_aware PASSED [ 86%]
tests/test_requirement_version.py::TestRequirementVersionStatus::test_all_four_status_values_accepted PASSED [ 86%]
tests/test_requirement_version.py::TestRequirementVersionStatus::test_current_value PASSED [ 86%]
tests/test_requirement_version.py::TestRequirementVersionStatus::test_superseded_value PASSED [ 87%]
tests/test_requirement_version.py::TestRequirementVersionStatus::test_proposed_value PASSED [ 87%]
tests/test_requirement_version.py::TestRequirementVersionStatus::test_rejected_value PASSED [ 87%]
tests/test_requirement_version.py::TestRequirementVersionStatus::test_status_from_string PASSED [ 87%]
tests/test_requirement_version.py::TestSupersedes::test_first_version_has_no_predecessor PASSED [ 87%]
tests/test_requirement_version.py::TestSupersedes::test_explicit_supersedes_stored PASSED [ 87%]
tests/test_requirement_version.py::TestSupersedes::test_supersede_method_links_to_current_version PASSED [ 87%]
tests/test_requirement_version.py::TestSupersedes::test_supersede_method_generates_new_version_id PASSED [ 87%]
tests/test_requirement_version.py::TestSupersedes::test_supersede_does_not_mutate_original PASSED [ 88%]
tests/test_requirement_version.py::TestDatetimeHandling::test_naive_datetime_coerced_to_utc PASSED [ 88%]
tests/test_requirement_version.py::TestDatetimeHandling::test_iso_string_parsed_to_utc_datetime PASSED [ 88%]
tests/test_requirement_version.py::TestDatetimeHandling::test_aware_datetime_preserved PASSED [ 88%]
tests/test_requirement_version.py::TestValidation::test_empty_content_raises PASSED [ 88%]
tests/test_requirement_version.py::TestValidation::test_whitespace_content_raises PASSED [ 88%]
tests/test_requirement_version.py::TestValidation::test_empty_project_id_raises PASSED [ 88%]
tests/test_requirement_version.py::TestValidation::test_whitespace_project_id_raises PASSED [ 88%]
tests/test_requirement_version.py::TestSerialization::test_to_dict_contains_all_fields PASSED [ 89%]
tests/test_requirement_version.py::TestSerialization::test_from_dict_round_trip PASSED [ 89%]
tests/test_requirement_version.py::TestSerialization::test_from_dict_tolerates_missing_optional_fields PASSED [ 89%]
tests/test_requirement_version.py::TestSerialization::test_status_serialized_as_string PASSED [ 89%]
tests/test_resuming_from_change_router.py::TestResumingFromChangeRouter::test_resuming_from_change_is_recognized PASSED [ 89%]
tests/test_resuming_from_change_router.py::TestResumingFromChangeRouter::test_transitions_to_replanning PASSED [ 89%]
tests/test_resuming_from_change_router.py::TestResumingFromChangeRouter::test_returned_state_is_replanning PASSED [ 89%]
tests/test_resuming_from_change_router.py::TestResumingFromChangeRouter::test_returns_success_true PASSED [ 89%]
tests/test_resuming_from_change_router.py::TestResumingFromChangeRouter::test_does_not_become_deployable PASSED [ 90%]
tests/test_resuming_from_change_router.py::TestResumingFromChangeRouter::test_does_not_become_done PASSED [ 90%]
tests/test_resuming_from_change_router.py::TestResumingFromChangeRouter::test_no_agents_executed PASSED [ 90%]
tests/test_resuming_from_change_router.py::TestResumingFromChangeRouter::test_sprint_executor_not_called PASSED [ 90%]
tests/test_resuming_from_change_router.py::TestResumingFromChangeRouter::test_stages_completed_preserved_in_result PASSED [ 90%]
tests/test_resuming_from_change_router.py::TestResumingFromChangeRouter::test_message_describes_replanning PASSED [ 90%]
tests/test_resuming_from_change_router.py::TestExistingStateRoutingUnaffected::test_discovery_state_still_routes_to_discovery PASSED [ 90%]
tests/test_resuming_from_change_router.py::TestExistingStateRoutingUnaffected::test_sprint_in_progress_does_not_trigger_resuming_handler PASSED [ 90%]
tests/test_resuming_from_change_router.py::TestExistingStateRoutingUnaffected::test_deployable_still_returns_success_from_terminal_handler PASSED [ 90%]
tests/test_retry_config_application.py::TestModifiedConfigApplied::test_auto_fix_applies_temperature PASSED [ 91%]
tests/test_retry_config_application.py::TestModifiedConfigApplied::test_ask_human_escalates_no_set_stage_profile PASSED [ 91%]
tests/test_retry_config_application.py::TestModifiedConfigApplied::test_late_retry_applies_max_tokens PASSED [ 91%]
tests/test_retry_config_application.py::TestModifiedConfigApplied::test_empty_modified_config_does_not_call_set_stage_profile PASSED [ 91%]
tests/test_retry_config_application.py::TestModifiedConfigApplied::test_first_attempt_approval_no_set_stage_profile PASSED [ 91%]
tests/test_retry_config_application.py::TestModifiedConfigDegradation::test_llm_manager_none_does_not_crash PASSED [ 91%]
tests/test_retry_config_application.py::TestModifiedConfigDegradation::test_flag_stop_does_not_call_set_stage_profile PASSED [ 91%]
tests/test_retry_config_application.py::TestExecutionManagerLlmManagerProperty::test_returns_agent_factory_llm_manager PASSED [ 91%]
tests/test_retry_config_application.py::TestExecutionManagerLlmManagerProperty::test_returns_none_when_chain_broken PASSED [ 92%]
tests/test_retry_policy_removal.py::TestRetryPolicyRemoved::test_retry_policy_module_not_importable PASSED [ 92%]
tests/test_retry_policy_removal.py::TestRetryPolicyRemoved::test_retry_policy_not_in_workflow_package PASSED [ 92%]
tests/test_retry_policy_removal.py::TestWorkflowEngineDefaultEngine::test_no_engine_injected_creates_intelligent_retry_engine PASSED [ 92%]
tests/test_retry_policy_removal.py::TestWorkflowEngineDefaultEngine::test_stage_runner_called_with_non_none_retry_engine PASSED [ 92%]
tests/test_retry_policy_removal.py::TestWorkflowEngineDefaultEngine::test_explicit_engine_forwarded_to_stage_runner PASSED [ 92%]
tests/test_retry_policy_removal.py::TestWorkflowEngineDefaultEngine::test_deprecated_retry_policy_kwarg_accepted_without_error PASSED [ 92%]
tests/test_sprint_plan_model.py::TestSprintPlanExtensions::test_stale_defaults_to_false PASSED [ 92%]
tests/test_sprint_plan_model.py::TestSprintPlanExtensions::test_requirement_version_id_defaults_to_none PASSED [ 93%]
tests/test_sprint_plan_model.py::TestSprintPlanExtensions::test_stale_can_be_set_true PASSED [ 93%]
tests/test_sprint_plan_model.py::TestSprintPlanExtensions::test_requirement_version_id_can_be_set PASSED [ 93%]
tests/test_sprint_plan_model.py::TestSprintPlanExtensions::test_existing_data_without_fields_loads PASSED [ 93%]
tests/test_sprint_plan_model.py::TestSprintPlanExtensions::test_serialization_includes_stale PASSED [ 93%]
tests/test_sprint_plan_model.py::TestSprintPlanExtensions::test_serialization_includes_requirement_version_id PASSED [ 93%]
tests/test_sprint_plan_model.py::TestSprintPlanExtensions::test_serialization_requirement_version_id_none_when_unset PASSED [ 93%]
tests/test_sprint_scoped_memory.py::TestMemoryManagerSprintScoping::test_sprint1_and_sprint2_use_different_keys PASSED [ 93%]
tests/test_sprint_scoped_memory.py::TestMemoryManagerSprintScoping::test_loading_sprint2_does_not_return_sprint1 PASSED [ 94%]
tests/test_sprint_scoped_memory.py::TestMemoryManagerSprintScoping::test_loading_sprint1_does_not_return_sprint2 PASSED [ 94%]
tests/test_sprint_scoped_memory.py::TestMemoryManagerSprintScoping::test_missing_sprint_key_returns_none PASSED [ 94%]
tests/test_sprint_scoped_memory.py::TestMemoryManagerSprintScoping::test_project_isolation_preserved PASSED [ 94%]
tests/test_sprint_scoped_memory.py::TestMemoryManagerSprintScoping::test_canonical_key_unaffected_by_sprint_write PASSED [ 94%]
tests/test_sprint_scoped_memory.py::TestMemoryManagerSprintScoping::test_sprint_scoped_key_format PASSED [ 94%]
tests/test_sprint_scoped_memory.py::TestMemoryOrchestratorSprintScoping::test_sprint_stage_gets_sprint_scoped_write PASSED [ 94%]
tests/test_sprint_scoped_memory.py::TestMemoryOrchestratorSprintScoping::test_sprint_stage_also_writes_canonical_key PASSED [ 94%]
tests/test_sprint_scoped_memory.py::TestMemoryOrchestratorSprintScoping::test_sprint2_output_isolated_from_sprint1 PASSED [ 95%]
tests/test_sprint_scoped_memory.py::TestMemoryOrchestratorSprintScoping::test_canonical_stage_does_not_get_sprint_scoped_write PASSED [ 95%]
tests/test_sprint_scoped_memory.py::TestMemoryOrchestratorSprintScoping::test_no_sprint_number_does_not_crash PASSED [ 95%]
tests/test_sprint_scoped_memory.py::TestMemoryOrchestratorSprintScoping::test_workspace_failure_does_not_crash PASSED [ 95%]
tests/test_sprint_scoped_memory.py::TestMemoryOrchestratorSprintScoping::test_sprint_stages_constant_covers_expected_stages PASSED [ 95%]
tests/test_sprint_scoped_memory.py::TestMemoryOrchestratorSprintScoping::test_canonical_stages_not_in_sprint_stages PASSED [ 95%]
tests/test_sprint_scoped_memory_loading.py::TestSprintScopedLoading::test_sprint1_loads_sprint1_episodic_output PASSED [ 95%]
tests/test_sprint_scoped_memory_loading.py::TestSprintScopedLoading::test_sprint2_loads_sprint2_episodic_output PASSED [ 95%]
tests/test_sprint_scoped_memory_loading.py::TestSprintScopedLoading::test_sprint2_does_not_receive_sprint1_output PASSED [ 95%]
tests/test_sprint_scoped_memory_loading.py::TestSprintScopedLoading::test_sprint1_and_sprint2_outputs_are_independent PASSED [ 96%]
tests/test_sprint_scoped_memory_loading.py::TestCanonicalStageLoading::test_discovery_stages_use_canonical_key PASSED [ 96%]
tests/test_sprint_scoped_memory_loading.py::TestCanonicalStageLoading::test_product_owner_canonical_available_in_sprint2 PASSED [ 96%]
tests/test_sprint_scoped_memory_loading.py::TestCanonicalStageLoading::test_product_owner_canonical_available_across_sprints PASSED [ 96%]
tests/test_sprint_scoped_memory_loading.py::TestFallbackBehavior::test_no_sprint_number_falls_back_to_canonical PASSED [ 96%]
tests/test_sprint_scoped_memory_loading.py::TestFallbackBehavior::test_workspace_failure_falls_back_to_canonical PASSED [ 96%]
tests/test_sprint_scoped_memory_loading.py::TestFallbackBehavior::test_no_crash_when_sprint_scoped_key_missing PASSED [ 96%]
tests/test_sprint_scoped_memory_loading.py::TestFallbackBehavior::test_non_sprint_stage_context_unaffected PASSED [ 96%]
tests/test_sprint_scoped_memory_loading.py::TestGetContextEndToEnd::test_get_context_returns_sprint_isolated_predecessors PASSED [ 97%]
tests/test_sprint_scoped_memory_loading.py::TestGetContextEndToEnd::test_get_context_sprint2_does_not_see_sprint1_predecessor PASSED [ 97%]
tests/test_sprint_scoped_memory_loading.py::TestGetContextEndToEnd::test_get_context_canonical_still_present_in_sprint2 PASSED [ 97%]
tests/test_stale_artifact_detection.py::TestIsStale::test_matching_version_not_stale PASSED [ 97%]
tests/test_stale_artifact_detection.py::TestIsStale::test_mismatched_version_is_stale PASSED [ 97%]
tests/test_stale_artifact_detection.py::TestIsStale::test_legacy_artifact_no_version_never_stale PASSED [ 97%]
tests/test_stale_artifact_detection.py::TestIsStale::test_no_current_version_never_stale PASSED [ 97%]
tests/test_stale_artifact_detection.py::TestIsStale::test_both_none_never_stale PASSED [ 97%]
tests/test_stale_artifact_detection.py::TestLoadStageArtifactsFiltering::test_matching_version_artifact_included PASSED [ 98%]
tests/test_stale_artifact_detection.py::TestLoadStageArtifactsFiltering::test_stale_artifact_excluded PASSED [ 98%]
tests/test_stale_artifact_detection.py::TestLoadStageArtifactsFiltering::test_legacy_artifact_included PASSED [ 98%]
tests/test_stale_artifact_detection.py::TestLoadStageArtifactsFiltering::test_no_current_version_all_artifacts_included PASSED [ 98%]
tests/test_stale_artifact_detection.py::TestLoadStageArtifactsFiltering::test_none_artifact_skipped PASSED [ 98%]
tests/test_stale_artifact_detection.py::TestLoadStageArtifactsFiltering::test_mixed_stale_and_fresh PASSED [ 98%]
tests/test_stale_artifact_detection.py::TestBuildEndToEnd::test_build_excludes_stale_artifact_from_package PASSED [ 98%]
tests/test_stale_artifact_detection.py::TestBuildEndToEnd::test_build_includes_valid_artifact_in_package PASSED [ 98%]
tests/test_stale_artifact_detection.py::TestBuildEndToEnd::test_build_includes_legacy_artifact_in_package PASSED [ 99%]
tests/test_stale_artifact_detection.py::TestBuildEndToEnd::test_build_no_crash_when_workspace_unavailable PASSED [ 99%]
tests/test_stale_artifact_detection.py::TestBuildEndToEnd::test_build_no_versioning_active_behavior_unchanged PASSED [ 99%]
tests/test_stale_artifact_detection.py::TestBuildEndToEnd::test_build_project_json_loaded_once PASSED [ 99%]
tests/test_startup.py::test_startup_validator_fails_empty_key PASSED     [ 99%]
tests/test_startup.py::test_startup_validator_passes PASSED              [ 99%]
tests/test_technology_compatibility_validator.py::test_validator_rejects_react_web_for_android_apk_request PASSED [ 99%]
tests/test_technology_compatibility_validator.py::test_validator_accepts_react_native_for_mobile_app PASSED [ 99%]
tests/test_technology_compatibility_validator.py::test_validator_rejects_ui_components_for_api_service PASSED [100%]

============================== warnings summary ===============================
app\shared\dto\sandbox_result.py:37
  F:\AI-DevOS3\backend\app\shared\dto\sandbox_result.py:37: PytestCollectionWarning: cannot collect test class 'TestResult' because it has a __init__ constructor (from: tests/test_phase2_deployable_bug.py)
    @dataclass

venv\Lib\site-packages\fastapi\testclient.py:1
  F:\AI-DevOS3\backend\venv\Lib\site-packages\fastapi\testclient.py:1: StarletteDeprecationWarning: Using `httpx` with `starlette.testclient` is deprecated; install `httpx2` instead.
    from starlette.testclient import TestClient as TestClient  # noqa

tests/test_phase6_middleware.py::TestRateLimitMiddleware::test_allows_requests_below_limit
  F:\AI-DevOS3\backend\tests\test_phase6_middleware.py:72: DeprecationWarning: There is no current event loop
    response = asyncio.get_event_loop().run_until_complete(

-- Docs: https://docs.pytest.org/en/stable/how-to/capture-warnings.html
================= 820 passed, 3 warnings in 60.71s (0:01:00) ==================
